2025-03-20 16:18:48,137 ERROR [com.alibaba.druid.pool.DruidDataSource] - <init datasource error, url: jdbc:mysql://localhost:3306/paycenter2?useUnicode=true&characterEncoding=GBK>
java.sql.SQLSyntaxErrorException: Unknown database 'paycenter2'
	at com.mysql.cj.jdbc.exceptions.SQLError.createSQLException(SQLError.java:120)
	at com.mysql.cj.jdbc.exceptions.SQLExceptionsMapping.translateException(SQLExceptionsMapping.java:122)
	at com.mysql.cj.jdbc.ConnectionImpl.createNewIO(ConnectionImpl.java:833)
	at com.mysql.cj.jdbc.ConnectionImpl.<init>(ConnectionImpl.java:453)
	at com.mysql.cj.jdbc.ConnectionImpl.getInstance(ConnectionImpl.java:246)
	at com.mysql.cj.jdbc.NonRegisteringDriver.connect(NonRegisteringDriver.java:198)
	at com.alibaba.druid.filter.FilterChainImpl.connection_connect(FilterChainImpl.java:132)
	at com.alibaba.druid.filter.stat.StatFilter.connection_connect(StatFilter.java:244)
	at com.alibaba.druid.filter.FilterChainImpl.connection_connect(FilterChainImpl.java:126)
	at com.alibaba.druid.pool.DruidAbstractDataSource.createPhysicalConnection(DruidAbstractDataSource.java:1687)
	at com.alibaba.druid.pool.DruidAbstractDataSource.createPhysicalConnection(DruidAbstractDataSource.java:1803)
	at com.alibaba.druid.pool.DruidDataSource.init(DruidDataSource.java:924)
	at com.alibaba.druid.pool.DruidDataSource.getConnection(DruidDataSource.java:1467)
	at com.alibaba.druid.pool.DruidDataSource.getConnection(DruidDataSource.java:1463)
	at com.alibaba.druid.pool.DruidDataSource.getConnection(DruidDataSource.java:83)
	at org.springframework.jdbc.datasource.DataSourceUtils.doGetConnection(DataSourceUtils.java:111)
	at org.springframework.jdbc.datasource.TransactionAwareDataSourceProxy$TransactionAwareInvocationHandler.invoke(TransactionAwareDataSourceProxy.java:225)
	at com.sun.proxy.$Proxy7.prepareStatement(Unknown Source)
	at com.ibatis.sqlmap.engine.execution.SqlExecutor.prepareStatement(SqlExecutor.java:497)
	at com.ibatis.sqlmap.engine.execution.SqlExecutor.executeQuery(SqlExecutor.java:175)
	at com.ibatis.sqlmap.engine.mapping.statement.MappedStatement.sqlExecuteQuery(MappedStatement.java:221)
	at com.ibatis.sqlmap.engine.mapping.statement.MappedStatement.executeQueryWithCallback(MappedStatement.java:189)
	at com.ibatis.sqlmap.engine.mapping.statement.MappedStatement.executeQueryForList(MappedStatement.java:139)
	at com.ibatis.sqlmap.engine.impl.SqlMapExecutorDelegate.queryForList(SqlMapExecutorDelegate.java:567)
	at com.ibatis.sqlmap.engine.impl.SqlMapExecutorDelegate.queryForList(SqlMapExecutorDelegate.java:541)
	at com.ibatis.sqlmap.engine.impl.SqlMapSessionImpl.queryForList(SqlMapSessionImpl.java:118)
	at com.ibatis.sqlmap.engine.impl.SqlMapSessionImpl.queryForList(SqlMapSessionImpl.java:122)
	at com.ibatis.sqlmap.engine.impl.SqlMapClientImpl.queryForList(SqlMapClientImpl.java:98)
	at com.qlzf.commons.factory.SqlMapClientTemplate.queryForList(SqlMapClientTemplate.java:103)
	at com.qlzf.commons.dao.IbatisGenericDao._queryForList(IbatisGenericDao.java:178)
	at com.qlzf.commons.dao.IbatisEntityDao.queryForList(IbatisEntityDao.java:102)
	at com.qlzf.commons.handler.BaseIbatisEntityHandler.getAll(BaseIbatisEntityHandler.java:198)
	at com.jxt.paycenter.appclient.helper.CpInfoHelper.realInit(CpInfoHelper.java:22)
	at com.jxt.paycenter.appclient.helper.BaseHelper.init(BaseHelper.java:10)
	at com.jxt.paycenter.appclient.helper.BaseHelper.afterPropertiesSet(BaseHelper.java:28)
	at org.springframework.beans.factory.support.AbstractAutowireCapableBeanFactory.invokeInitMethods(AbstractAutowireCapableBeanFactory.java:1687)
	at org.springframework.beans.factory.support.AbstractAutowireCapableBeanFactory.initializeBean(AbstractAutowireCapableBeanFactory.java:1624)
	at org.springframework.beans.factory.support.AbstractAutowireCapableBeanFactory.doCreateBean(AbstractAutowireCapableBeanFactory.java:555)
	at org.springframework.beans.factory.support.AbstractAutowireCapableBeanFactory.createBean(AbstractAutowireCapableBeanFactory.java:483)
	at org.springframework.beans.factory.support.AbstractBeanFactory$1.getObject(AbstractBeanFactory.java:306)
	at org.springframework.beans.factory.support.DefaultSingletonBeanRegistry.getSingleton(DefaultSingletonBeanRegistry.java:230)
	at org.springframework.beans.factory.support.AbstractBeanFactory.doGetBean(AbstractBeanFactory.java:302)
	at org.springframework.beans.factory.support.AbstractBeanFactory.getBean(AbstractBeanFactory.java:197)
	at org.springframework.beans.factory.support.DefaultListableBeanFactory.preInstantiateSingletons(DefaultListableBeanFactory.java:761)
	at org.springframework.context.support.AbstractApplicationContext.finishBeanFactoryInitialization(AbstractApplicationContext.java:867)
	at org.springframework.context.support.AbstractApplicationContext.refresh(AbstractApplicationContext.java:543)
	at org.springframework.web.context.ContextLoader.configureAndRefreshWebApplicationContext(ContextLoader.java:443)
	at org.springframework.web.context.ContextLoader.initWebApplicationContext(ContextLoader.java:325)
	at org.springframework.web.context.ContextLoaderListener.contextInitialized(ContextLoaderListener.java:107)
	at org.apache.catalina.core.StandardContext.listenerStart(StandardContext.java:4059)
	at org.apache.catalina.core.StandardContext.startInternal(StandardContext.java:4501)
	at org.apache.catalina.util.LifecycleBase.start(LifecycleBase.java:164)
	at org.apache.catalina.core.ContainerBase.addChildInternal(ContainerBase.java:599)
	at org.apache.catalina.core.ContainerBase.addChild(ContainerBase.java:571)
	at org.apache.catalina.core.StandardHost.addChild(StandardHost.java:603)
	at org.apache.catalina.startup.HostConfig.manageApp(HostConfig.java:1751)
	at sun.reflect.NativeMethodAccessorImpl.invoke0(Native Method)
	at sun.reflect.NativeMethodAccessorImpl.invoke(NativeMethodAccessorImpl.java:62)
	at sun.reflect.DelegatingMethodAccessorImpl.invoke(DelegatingMethodAccessorImpl.java:43)
	at java.lang.reflect.Method.invoke(Method.java:497)
	at org.apache.tomcat.util.modeler.BaseModelMBean.invoke(BaseModelMBean.java:264)
	at com.sun.jmx.interceptor.DefaultMBeanServerInterceptor.invoke(DefaultMBeanServerInterceptor.java:819)
	at com.sun.jmx.mbeanserver.JmxMBeanServer.invoke(JmxMBeanServer.java:801)
	at org.apache.catalina.mbeans.MBeanFactory.createStandardContext(MBeanFactory.java:453)
	at org.apache.catalina.mbeans.MBeanFactory.createStandardContext(MBeanFactory.java:407)
	at sun.reflect.NativeMethodAccessorImpl.invoke0(Native Method)
	at sun.reflect.NativeMethodAccessorImpl.invoke(NativeMethodAccessorImpl.java:62)
	at sun.reflect.DelegatingMethodAccessorImpl.invoke(DelegatingMethodAccessorImpl.java:43)
	at java.lang.reflect.Method.invoke(Method.java:497)
	at org.apache.tomcat.util.modeler.BaseModelMBean.invoke(BaseModelMBean.java:264)
	at com.sun.jmx.interceptor.DefaultMBeanServerInterceptor.invoke(DefaultMBeanServerInterceptor.java:819)
	at com.sun.jmx.mbeanserver.JmxMBeanServer.invoke(JmxMBeanServer.java:801)
	at com.sun.jmx.remote.security.MBeanServerAccessController.invoke(MBeanServerAccessController.java:468)
	at javax.management.remote.rmi.RMIConnectionImpl.doOperation(RMIConnectionImpl.java:1468)
	at javax.management.remote.rmi.RMIConnectionImpl.access$300(RMIConnectionImpl.java:76)
	at javax.management.remote.rmi.RMIConnectionImpl$PrivilegedOperation.run(RMIConnectionImpl.java:1309)
	at java.security.AccessController.doPrivileged(Native Method)
	at javax.management.remote.rmi.RMIConnectionImpl.doPrivilegedOperation(RMIConnectionImpl.java:1408)
	at javax.management.remote.rmi.RMIConnectionImpl.invoke(RMIConnectionImpl.java:829)
	at sun.reflect.NativeMethodAccessorImpl.invoke0(Native Method)
	at sun.reflect.NativeMethodAccessorImpl.invoke(NativeMethodAccessorImpl.java:62)
	at sun.reflect.DelegatingMethodAccessorImpl.invoke(DelegatingMethodAccessorImpl.java:43)
	at java.lang.reflect.Method.invoke(Method.java:497)
	at sun.rmi.server.UnicastServerRef.dispatch(UnicastServerRef.java:323)
	at sun.rmi.transport.Transport$1.run(Transport.java:200)
	at sun.rmi.transport.Transport$1.run(Transport.java:197)
	at java.security.AccessController.doPrivileged(Native Method)
	at sun.rmi.transport.Transport.serviceCall(Transport.java:196)
	at sun.rmi.transport.tcp.TCPTransport.handleMessages(TCPTransport.java:568)
	at sun.rmi.transport.tcp.TCPTransport$ConnectionHandler.run0(TCPTransport.java:826)
	at sun.rmi.transport.tcp.TCPTransport$ConnectionHandler.lambda$run$256(TCPTransport.java:683)
	at java.security.AccessController.doPrivileged(Native Method)
	at sun.rmi.transport.tcp.TCPTransport$ConnectionHandler.run(TCPTransport.java:682)
	at java.util.concurrent.ThreadPoolExecutor.runWorker(ThreadPoolExecutor.java:1142)
	at java.util.concurrent.ThreadPoolExecutor$Worker.run(ThreadPoolExecutor.java:617)
	at java.lang.Thread.run(Thread.java:745)
2025-03-20 16:18:48,264 ERROR [com.alibaba.druid.pool.DruidDataSource] - <{dataSource-1} init error>
java.sql.SQLSyntaxErrorException: Unknown database 'paycenter2'
	at com.mysql.cj.jdbc.exceptions.SQLError.createSQLException(SQLError.java:120)
	at com.mysql.cj.jdbc.exceptions.SQLExceptionsMapping.translateException(SQLExceptionsMapping.java:122)
	at com.mysql.cj.jdbc.ConnectionImpl.createNewIO(ConnectionImpl.java:833)
	at com.mysql.cj.jdbc.ConnectionImpl.<init>(ConnectionImpl.java:453)
	at com.mysql.cj.jdbc.ConnectionImpl.getInstance(ConnectionImpl.java:246)
	at com.mysql.cj.jdbc.NonRegisteringDriver.connect(NonRegisteringDriver.java:198)
	at com.alibaba.druid.filter.FilterChainImpl.connection_connect(FilterChainImpl.java:132)
	at com.alibaba.druid.filter.stat.StatFilter.connection_connect(StatFilter.java:244)
	at com.alibaba.druid.filter.FilterChainImpl.connection_connect(FilterChainImpl.java:126)
	at com.alibaba.druid.pool.DruidAbstractDataSource.createPhysicalConnection(DruidAbstractDataSource.java:1687)
	at com.alibaba.druid.pool.DruidAbstractDataSource.createPhysicalConnection(DruidAbstractDataSource.java:1803)
	at com.alibaba.druid.pool.DruidDataSource.init(DruidDataSource.java:924)
	at com.alibaba.druid.pool.DruidDataSource.getConnection(DruidDataSource.java:1467)
	at com.alibaba.druid.pool.DruidDataSource.getConnection(DruidDataSource.java:1463)
	at com.alibaba.druid.pool.DruidDataSource.getConnection(DruidDataSource.java:83)
	at org.springframework.jdbc.datasource.DataSourceUtils.doGetConnection(DataSourceUtils.java:111)
	at org.springframework.jdbc.datasource.TransactionAwareDataSourceProxy$TransactionAwareInvocationHandler.invoke(TransactionAwareDataSourceProxy.java:225)
	at com.sun.proxy.$Proxy7.prepareStatement(Unknown Source)
	at com.ibatis.sqlmap.engine.execution.SqlExecutor.prepareStatement(SqlExecutor.java:497)
	at com.ibatis.sqlmap.engine.execution.SqlExecutor.executeQuery(SqlExecutor.java:175)
	at com.ibatis.sqlmap.engine.mapping.statement.MappedStatement.sqlExecuteQuery(MappedStatement.java:221)
	at com.ibatis.sqlmap.engine.mapping.statement.MappedStatement.executeQueryWithCallback(MappedStatement.java:189)
	at com.ibatis.sqlmap.engine.mapping.statement.MappedStatement.executeQueryForList(MappedStatement.java:139)
	at com.ibatis.sqlmap.engine.impl.SqlMapExecutorDelegate.queryForList(SqlMapExecutorDelegate.java:567)
	at com.ibatis.sqlmap.engine.impl.SqlMapExecutorDelegate.queryForList(SqlMapExecutorDelegate.java:541)
	at com.ibatis.sqlmap.engine.impl.SqlMapSessionImpl.queryForList(SqlMapSessionImpl.java:118)
	at com.ibatis.sqlmap.engine.impl.SqlMapSessionImpl.queryForList(SqlMapSessionImpl.java:122)
	at com.ibatis.sqlmap.engine.impl.SqlMapClientImpl.queryForList(SqlMapClientImpl.java:98)
	at com.qlzf.commons.factory.SqlMapClientTemplate.queryForList(SqlMapClientTemplate.java:103)
	at com.qlzf.commons.dao.IbatisGenericDao._queryForList(IbatisGenericDao.java:178)
	at com.qlzf.commons.dao.IbatisEntityDao.queryForList(IbatisEntityDao.java:102)
	at com.qlzf.commons.handler.BaseIbatisEntityHandler.getAll(BaseIbatisEntityHandler.java:198)
	at com.jxt.paycenter.appclient.helper.CpInfoHelper.realInit(CpInfoHelper.java:22)
	at com.jxt.paycenter.appclient.helper.BaseHelper.init(BaseHelper.java:10)
	at com.jxt.paycenter.appclient.helper.BaseHelper.afterPropertiesSet(BaseHelper.java:28)
	at org.springframework.beans.factory.support.AbstractAutowireCapableBeanFactory.invokeInitMethods(AbstractAutowireCapableBeanFactory.java:1687)
	at org.springframework.beans.factory.support.AbstractAutowireCapableBeanFactory.initializeBean(AbstractAutowireCapableBeanFactory.java:1624)
	at org.springframework.beans.factory.support.AbstractAutowireCapableBeanFactory.doCreateBean(AbstractAutowireCapableBeanFactory.java:555)
	at org.springframework.beans.factory.support.AbstractAutowireCapableBeanFactory.createBean(AbstractAutowireCapableBeanFactory.java:483)
	at org.springframework.beans.factory.support.AbstractBeanFactory$1.getObject(AbstractBeanFactory.java:306)
	at org.springframework.beans.factory.support.DefaultSingletonBeanRegistry.getSingleton(DefaultSingletonBeanRegistry.java:230)
	at org.springframework.beans.factory.support.AbstractBeanFactory.doGetBean(AbstractBeanFactory.java:302)
	at org.springframework.beans.factory.support.AbstractBeanFactory.getBean(AbstractBeanFactory.java:197)
	at org.springframework.beans.factory.support.DefaultListableBeanFactory.preInstantiateSingletons(DefaultListableBeanFactory.java:761)
	at org.springframework.context.support.AbstractApplicationContext.finishBeanFactoryInitialization(AbstractApplicationContext.java:867)
	at org.springframework.context.support.AbstractApplicationContext.refresh(AbstractApplicationContext.java:543)
	at org.springframework.web.context.ContextLoader.configureAndRefreshWebApplicationContext(ContextLoader.java:443)
	at org.springframework.web.context.ContextLoader.initWebApplicationContext(ContextLoader.java:325)
	at org.springframework.web.context.ContextLoaderListener.contextInitialized(ContextLoaderListener.java:107)
	at org.apache.catalina.core.StandardContext.listenerStart(StandardContext.java:4059)
	at org.apache.catalina.core.StandardContext.startInternal(StandardContext.java:4501)
	at org.apache.catalina.util.LifecycleBase.start(LifecycleBase.java:164)
	at org.apache.catalina.core.ContainerBase.addChildInternal(ContainerBase.java:599)
	at org.apache.catalina.core.ContainerBase.addChild(ContainerBase.java:571)
	at org.apache.catalina.core.StandardHost.addChild(StandardHost.java:603)
	at org.apache.catalina.startup.HostConfig.manageApp(HostConfig.java:1751)
	at sun.reflect.NativeMethodAccessorImpl.invoke0(Native Method)
	at sun.reflect.NativeMethodAccessorImpl.invoke(NativeMethodAccessorImpl.java:62)
	at sun.reflect.DelegatingMethodAccessorImpl.invoke(DelegatingMethodAccessorImpl.java:43)
	at java.lang.reflect.Method.invoke(Method.java:497)
	at org.apache.tomcat.util.modeler.BaseModelMBean.invoke(BaseModelMBean.java:264)
	at com.sun.jmx.interceptor.DefaultMBeanServerInterceptor.invoke(DefaultMBeanServerInterceptor.java:819)
	at com.sun.jmx.mbeanserver.JmxMBeanServer.invoke(JmxMBeanServer.java:801)
	at org.apache.catalina.mbeans.MBeanFactory.createStandardContext(MBeanFactory.java:453)
	at org.apache.catalina.mbeans.MBeanFactory.createStandardContext(MBeanFactory.java:407)
	at sun.reflect.NativeMethodAccessorImpl.invoke0(Native Method)
	at sun.reflect.NativeMethodAccessorImpl.invoke(NativeMethodAccessorImpl.java:62)
	at sun.reflect.DelegatingMethodAccessorImpl.invoke(DelegatingMethodAccessorImpl.java:43)
	at java.lang.reflect.Method.invoke(Method.java:497)
	at org.apache.tomcat.util.modeler.BaseModelMBean.invoke(BaseModelMBean.java:264)
	at com.sun.jmx.interceptor.DefaultMBeanServerInterceptor.invoke(DefaultMBeanServerInterceptor.java:819)
	at com.sun.jmx.mbeanserver.JmxMBeanServer.invoke(JmxMBeanServer.java:801)
	at com.sun.jmx.remote.security.MBeanServerAccessController.invoke(MBeanServerAccessController.java:468)
	at javax.management.remote.rmi.RMIConnectionImpl.doOperation(RMIConnectionImpl.java:1468)
	at javax.management.remote.rmi.RMIConnectionImpl.access$300(RMIConnectionImpl.java:76)
	at javax.management.remote.rmi.RMIConnectionImpl$PrivilegedOperation.run(RMIConnectionImpl.java:1309)
	at java.security.AccessController.doPrivileged(Native Method)
	at javax.management.remote.rmi.RMIConnectionImpl.doPrivilegedOperation(RMIConnectionImpl.java:1408)
	at javax.management.remote.rmi.RMIConnectionImpl.invoke(RMIConnectionImpl.java:829)
	at sun.reflect.NativeMethodAccessorImpl.invoke0(Native Method)
	at sun.reflect.NativeMethodAccessorImpl.invoke(NativeMethodAccessorImpl.java:62)
	at sun.reflect.DelegatingMethodAccessorImpl.invoke(DelegatingMethodAccessorImpl.java:43)
	at java.lang.reflect.Method.invoke(Method.java:497)
	at sun.rmi.server.UnicastServerRef.dispatch(UnicastServerRef.java:323)
	at sun.rmi.transport.Transport$1.run(Transport.java:200)
	at sun.rmi.transport.Transport$1.run(Transport.java:197)
	at java.security.AccessController.doPrivileged(Native Method)
	at sun.rmi.transport.Transport.serviceCall(Transport.java:196)
	at sun.rmi.transport.tcp.TCPTransport.handleMessages(TCPTransport.java:568)
	at sun.rmi.transport.tcp.TCPTransport$ConnectionHandler.run0(TCPTransport.java:826)
	at sun.rmi.transport.tcp.TCPTransport$ConnectionHandler.lambda$run$256(TCPTransport.java:683)
	at java.security.AccessController.doPrivileged(Native Method)
	at sun.rmi.transport.tcp.TCPTransport$ConnectionHandler.run(TCPTransport.java:682)
	at java.util.concurrent.ThreadPoolExecutor.runWorker(ThreadPoolExecutor.java:1142)
	at java.util.concurrent.ThreadPoolExecutor$Worker.run(ThreadPoolExecutor.java:617)
	at java.lang.Thread.run(Thread.java:745)
2025-03-20 16:18:48,278 ERROR [com.alibaba.druid.pool.DruidDataSource] - <create connection SQLException, url: jdbc:mysql://localhost:3306/paycenter2?useUnicode=true&characterEncoding=GBK, errorCode 1049, state 42000>
java.sql.SQLSyntaxErrorException: Unknown database 'paycenter2'
	at com.mysql.cj.jdbc.exceptions.SQLError.createSQLException(SQLError.java:120)
	at com.mysql.cj.jdbc.exceptions.SQLExceptionsMapping.translateException(SQLExceptionsMapping.java:122)
	at com.mysql.cj.jdbc.ConnectionImpl.createNewIO(ConnectionImpl.java:833)
	at com.mysql.cj.jdbc.ConnectionImpl.<init>(ConnectionImpl.java:453)
	at com.mysql.cj.jdbc.ConnectionImpl.getInstance(ConnectionImpl.java:246)
	at com.mysql.cj.jdbc.NonRegisteringDriver.connect(NonRegisteringDriver.java:198)
	at com.alibaba.druid.filter.FilterChainImpl.connection_connect(FilterChainImpl.java:132)
	at com.alibaba.druid.filter.stat.StatFilter.connection_connect(StatFilter.java:244)
	at com.alibaba.druid.filter.FilterChainImpl.connection_connect(FilterChainImpl.java:126)
	at com.alibaba.druid.pool.DruidAbstractDataSource.createPhysicalConnection(DruidAbstractDataSource.java:1687)
	at com.alibaba.druid.pool.DruidAbstractDataSource.createPhysicalConnection(DruidAbstractDataSource.java:1803)
	at com.alibaba.druid.pool.DruidDataSource$CreateConnectionThread.run(DruidDataSource.java:2928)
2025-03-20 16:18:48,291 ERROR [com.alibaba.druid.pool.DruidDataSource] - <create connection SQLException, url: jdbc:mysql://localhost:3306/paycenter2?useUnicode=true&characterEncoding=GBK, errorCode 1049, state 42000>
java.sql.SQLSyntaxErrorException: Unknown database 'paycenter2'
	at com.mysql.cj.jdbc.exceptions.SQLError.createSQLException(SQLError.java:120)
	at com.mysql.cj.jdbc.exceptions.SQLExceptionsMapping.translateException(SQLExceptionsMapping.java:122)
	at com.mysql.cj.jdbc.ConnectionImpl.createNewIO(ConnectionImpl.java:833)
	at com.mysql.cj.jdbc.ConnectionImpl.<init>(ConnectionImpl.java:453)
	at com.mysql.cj.jdbc.ConnectionImpl.getInstance(ConnectionImpl.java:246)
	at com.mysql.cj.jdbc.NonRegisteringDriver.connect(NonRegisteringDriver.java:198)
	at com.alibaba.druid.filter.FilterChainImpl.connection_connect(FilterChainImpl.java:132)
	at com.alibaba.druid.filter.stat.StatFilter.connection_connect(StatFilter.java:244)
	at com.alibaba.druid.filter.FilterChainImpl.connection_connect(FilterChainImpl.java:126)
	at com.alibaba.druid.pool.DruidAbstractDataSource.createPhysicalConnection(DruidAbstractDataSource.java:1687)
	at com.alibaba.druid.pool.DruidAbstractDataSource.createPhysicalConnection(DruidAbstractDataSource.java:1803)
	at com.alibaba.druid.pool.DruidDataSource$CreateConnectionThread.run(DruidDataSource.java:2928)
2025-03-20 16:18:48,810 ERROR [com.alibaba.druid.pool.DruidDataSource] - <create connection SQLException, url: jdbc:mysql://localhost:3306/paycenter2?useUnicode=true&characterEncoding=GBK, errorCode 1049, state 42000>
java.sql.SQLSyntaxErrorException: Unknown database 'paycenter2'
	at com.mysql.cj.jdbc.exceptions.SQLError.createSQLException(SQLError.java:120)
	at com.mysql.cj.jdbc.exceptions.SQLExceptionsMapping.translateException(SQLExceptionsMapping.java:122)
	at com.mysql.cj.jdbc.ConnectionImpl.createNewIO(ConnectionImpl.java:833)
	at com.mysql.cj.jdbc.ConnectionImpl.<init>(ConnectionImpl.java:453)
	at com.mysql.cj.jdbc.ConnectionImpl.getInstance(ConnectionImpl.java:246)
	at com.mysql.cj.jdbc.NonRegisteringDriver.connect(NonRegisteringDriver.java:198)
	at com.alibaba.druid.filter.FilterChainImpl.connection_connect(FilterChainImpl.java:132)
	at com.alibaba.druid.filter.stat.StatFilter.connection_connect(StatFilter.java:244)
	at com.alibaba.druid.filter.FilterChainImpl.connection_connect(FilterChainImpl.java:126)
	at com.alibaba.druid.pool.DruidAbstractDataSource.createPhysicalConnection(DruidAbstractDataSource.java:1687)
	at com.alibaba.druid.pool.DruidAbstractDataSource.createPhysicalConnection(DruidAbstractDataSource.java:1803)
	at com.alibaba.druid.pool.DruidDataSource$CreateConnectionThread.run(DruidDataSource.java:2928)
2025-03-20 16:18:49,325 ERROR [com.alibaba.druid.pool.DruidDataSource] - <create connection SQLException, url: jdbc:mysql://localhost:3306/paycenter2?useUnicode=true&characterEncoding=GBK, errorCode 1049, state 42000>
java.sql.SQLSyntaxErrorException: Unknown database 'paycenter2'
	at com.mysql.cj.jdbc.exceptions.SQLError.createSQLException(SQLError.java:120)
	at com.mysql.cj.jdbc.exceptions.SQLExceptionsMapping.translateException(SQLExceptionsMapping.java:122)
	at com.mysql.cj.jdbc.ConnectionImpl.createNewIO(ConnectionImpl.java:833)
	at com.mysql.cj.jdbc.ConnectionImpl.<init>(ConnectionImpl.java:453)
	at com.mysql.cj.jdbc.ConnectionImpl.getInstance(ConnectionImpl.java:246)
	at com.mysql.cj.jdbc.NonRegisteringDriver.connect(NonRegisteringDriver.java:198)
	at com.alibaba.druid.filter.FilterChainImpl.connection_connect(FilterChainImpl.java:132)
	at com.alibaba.druid.filter.stat.StatFilter.connection_connect(StatFilter.java:244)
	at com.alibaba.druid.filter.FilterChainImpl.connection_connect(FilterChainImpl.java:126)
	at com.alibaba.druid.pool.DruidAbstractDataSource.createPhysicalConnection(DruidAbstractDataSource.java:1687)
	at com.alibaba.druid.pool.DruidAbstractDataSource.createPhysicalConnection(DruidAbstractDataSource.java:1803)
	at com.alibaba.druid.pool.DruidDataSource$CreateConnectionThread.run(DruidDataSource.java:2928)
2025-03-20 16:18:49,852 ERROR [com.alibaba.druid.pool.DruidDataSource] - <create connection SQLException, url: jdbc:mysql://localhost:3306/paycenter2?useUnicode=true&characterEncoding=GBK, errorCode 1049, state 42000>
java.sql.SQLSyntaxErrorException: Unknown database 'paycenter2'
	at com.mysql.cj.jdbc.exceptions.SQLError.createSQLException(SQLError.java:120)
	at com.mysql.cj.jdbc.exceptions.SQLExceptionsMapping.translateException(SQLExceptionsMapping.java:122)
	at com.mysql.cj.jdbc.ConnectionImpl.createNewIO(ConnectionImpl.java:833)
	at com.mysql.cj.jdbc.ConnectionImpl.<init>(ConnectionImpl.java:453)
	at com.mysql.cj.jdbc.ConnectionImpl.getInstance(ConnectionImpl.java:246)
	at com.mysql.cj.jdbc.NonRegisteringDriver.connect(NonRegisteringDriver.java:198)
	at com.alibaba.druid.filter.FilterChainImpl.connection_connect(FilterChainImpl.java:132)
	at com.alibaba.druid.filter.stat.StatFilter.connection_connect(StatFilter.java:244)
	at com.alibaba.druid.filter.FilterChainImpl.connection_connect(FilterChainImpl.java:126)
	at com.alibaba.druid.pool.DruidAbstractDataSource.createPhysicalConnection(DruidAbstractDataSource.java:1687)
	at com.alibaba.druid.pool.DruidAbstractDataSource.createPhysicalConnection(DruidAbstractDataSource.java:1803)
	at com.alibaba.druid.pool.DruidDataSource$CreateConnectionThread.run(DruidDataSource.java:2928)
2025-03-20 16:18:50,375 ERROR [com.alibaba.druid.pool.DruidDataSource] - <create connection SQLException, url: jdbc:mysql://localhost:3306/paycenter2?useUnicode=true&characterEncoding=GBK, errorCode 1049, state 42000>
java.sql.SQLSyntaxErrorException: Unknown database 'paycenter2'
	at com.mysql.cj.jdbc.exceptions.SQLError.createSQLException(SQLError.java:120)
	at com.mysql.cj.jdbc.exceptions.SQLExceptionsMapping.translateException(SQLExceptionsMapping.java:122)
	at com.mysql.cj.jdbc.ConnectionImpl.createNewIO(ConnectionImpl.java:833)
	at com.mysql.cj.jdbc.ConnectionImpl.<init>(ConnectionImpl.java:453)
	at com.mysql.cj.jdbc.ConnectionImpl.getInstance(ConnectionImpl.java:246)
	at com.mysql.cj.jdbc.NonRegisteringDriver.connect(NonRegisteringDriver.java:198)
	at com.alibaba.druid.filter.FilterChainImpl.connection_connect(FilterChainImpl.java:132)
	at com.alibaba.druid.filter.stat.StatFilter.connection_connect(StatFilter.java:244)
	at com.alibaba.druid.filter.FilterChainImpl.connection_connect(FilterChainImpl.java:126)
	at com.alibaba.druid.pool.DruidAbstractDataSource.createPhysicalConnection(DruidAbstractDataSource.java:1687)
	at com.alibaba.druid.pool.DruidAbstractDataSource.createPhysicalConnection(DruidAbstractDataSource.java:1803)
	at com.alibaba.druid.pool.DruidDataSource$CreateConnectionThread.run(DruidDataSource.java:2928)
2025-03-20 16:18:50,888 ERROR [com.alibaba.druid.pool.DruidDataSource] - <create connection SQLException, url: jdbc:mysql://localhost:3306/paycenter2?useUnicode=true&characterEncoding=GBK, errorCode 1049, state 42000>
java.sql.SQLSyntaxErrorException: Unknown database 'paycenter2'
	at com.mysql.cj.jdbc.exceptions.SQLError.createSQLException(SQLError.java:120)
	at com.mysql.cj.jdbc.exceptions.SQLExceptionsMapping.translateException(SQLExceptionsMapping.java:122)
	at com.mysql.cj.jdbc.ConnectionImpl.createNewIO(ConnectionImpl.java:833)
	at com.mysql.cj.jdbc.ConnectionImpl.<init>(ConnectionImpl.java:453)
	at com.mysql.cj.jdbc.ConnectionImpl.getInstance(ConnectionImpl.java:246)
	at com.mysql.cj.jdbc.NonRegisteringDriver.connect(NonRegisteringDriver.java:198)
	at com.alibaba.druid.filter.FilterChainImpl.connection_connect(FilterChainImpl.java:132)
	at com.alibaba.druid.filter.stat.StatFilter.connection_connect(StatFilter.java:244)
	at com.alibaba.druid.filter.FilterChainImpl.connection_connect(FilterChainImpl.java:126)
	at com.alibaba.druid.pool.DruidAbstractDataSource.createPhysicalConnection(DruidAbstractDataSource.java:1687)
	at com.alibaba.druid.pool.DruidAbstractDataSource.createPhysicalConnection(DruidAbstractDataSource.java:1803)
	at com.alibaba.druid.pool.DruidDataSource$CreateConnectionThread.run(DruidDataSource.java:2928)
2025-03-20 16:18:51,403 ERROR [com.alibaba.druid.pool.DruidDataSource] - <create connection SQLException, url: jdbc:mysql://localhost:3306/paycenter2?useUnicode=true&characterEncoding=GBK, errorCode 1049, state 42000>
java.sql.SQLSyntaxErrorException: Unknown database 'paycenter2'
	at com.mysql.cj.jdbc.exceptions.SQLError.createSQLException(SQLError.java:120)
	at com.mysql.cj.jdbc.exceptions.SQLExceptionsMapping.translateException(SQLExceptionsMapping.java:122)
	at com.mysql.cj.jdbc.ConnectionImpl.createNewIO(ConnectionImpl.java:833)
	at com.mysql.cj.jdbc.ConnectionImpl.<init>(ConnectionImpl.java:453)
	at com.mysql.cj.jdbc.ConnectionImpl.getInstance(ConnectionImpl.java:246)
	at com.mysql.cj.jdbc.NonRegisteringDriver.connect(NonRegisteringDriver.java:198)
	at com.alibaba.druid.filter.FilterChainImpl.connection_connect(FilterChainImpl.java:132)
	at com.alibaba.druid.filter.stat.StatFilter.connection_connect(StatFilter.java:244)
	at com.alibaba.druid.filter.FilterChainImpl.connection_connect(FilterChainImpl.java:126)
	at com.alibaba.druid.pool.DruidAbstractDataSource.createPhysicalConnection(DruidAbstractDataSource.java:1687)
	at com.alibaba.druid.pool.DruidAbstractDataSource.createPhysicalConnection(DruidAbstractDataSource.java:1803)
	at com.alibaba.druid.pool.DruidDataSource$CreateConnectionThread.run(DruidDataSource.java:2928)
2025-03-20 16:18:51,916 ERROR [com.alibaba.druid.pool.DruidDataSource] - <create connection SQLException, url: jdbc:mysql://localhost:3306/paycenter2?useUnicode=true&characterEncoding=GBK, errorCode 1049, state 42000>
java.sql.SQLSyntaxErrorException: Unknown database 'paycenter2'
	at com.mysql.cj.jdbc.exceptions.SQLError.createSQLException(SQLError.java:120)
	at com.mysql.cj.jdbc.exceptions.SQLExceptionsMapping.translateException(SQLExceptionsMapping.java:122)
	at com.mysql.cj.jdbc.ConnectionImpl.createNewIO(ConnectionImpl.java:833)
	at com.mysql.cj.jdbc.ConnectionImpl.<init>(ConnectionImpl.java:453)
	at com.mysql.cj.jdbc.ConnectionImpl.getInstance(ConnectionImpl.java:246)
	at com.mysql.cj.jdbc.NonRegisteringDriver.connect(NonRegisteringDriver.java:198)
	at com.alibaba.druid.filter.FilterChainImpl.connection_connect(FilterChainImpl.java:132)
	at com.alibaba.druid.filter.stat.StatFilter.connection_connect(StatFilter.java:244)
	at com.alibaba.druid.filter.FilterChainImpl.connection_connect(FilterChainImpl.java:126)
	at com.alibaba.druid.pool.DruidAbstractDataSource.createPhysicalConnection(DruidAbstractDataSource.java:1687)
	at com.alibaba.druid.pool.DruidAbstractDataSource.createPhysicalConnection(DruidAbstractDataSource.java:1803)
	at com.alibaba.druid.pool.DruidDataSource$CreateConnectionThread.run(DruidDataSource.java:2928)
2025-03-20 16:18:52,425 ERROR [com.alibaba.druid.pool.DruidDataSource] - <create connection SQLException, url: jdbc:mysql://localhost:3306/paycenter2?useUnicode=true&characterEncoding=GBK, errorCode 1049, state 42000>
java.sql.SQLSyntaxErrorException: Unknown database 'paycenter2'
	at com.mysql.cj.jdbc.exceptions.SQLError.createSQLException(SQLError.java:120)
	at com.mysql.cj.jdbc.exceptions.SQLExceptionsMapping.translateException(SQLExceptionsMapping.java:122)
	at com.mysql.cj.jdbc.ConnectionImpl.createNewIO(ConnectionImpl.java:833)
	at com.mysql.cj.jdbc.ConnectionImpl.<init>(ConnectionImpl.java:453)
	at com.mysql.cj.jdbc.ConnectionImpl.getInstance(ConnectionImpl.java:246)
	at com.mysql.cj.jdbc.NonRegisteringDriver.connect(NonRegisteringDriver.java:198)
	at com.alibaba.druid.filter.FilterChainImpl.connection_connect(FilterChainImpl.java:132)
	at com.alibaba.druid.filter.stat.StatFilter.connection_connect(StatFilter.java:244)
	at com.alibaba.druid.filter.FilterChainImpl.connection_connect(FilterChainImpl.java:126)
	at com.alibaba.druid.pool.DruidAbstractDataSource.createPhysicalConnection(DruidAbstractDataSource.java:1687)
	at com.alibaba.druid.pool.DruidAbstractDataSource.createPhysicalConnection(DruidAbstractDataSource.java:1803)
	at com.alibaba.druid.pool.DruidDataSource$CreateConnectionThread.run(DruidDataSource.java:2928)
2025-03-20 16:18:52,934 ERROR [com.alibaba.druid.pool.DruidDataSource] - <create connection SQLException, url: jdbc:mysql://localhost:3306/paycenter2?useUnicode=true&characterEncoding=GBK, errorCode 1049, state 42000>
java.sql.SQLSyntaxErrorException: Unknown database 'paycenter2'
	at com.mysql.cj.jdbc.exceptions.SQLError.createSQLException(SQLError.java:120)
	at com.mysql.cj.jdbc.exceptions.SQLExceptionsMapping.translateException(SQLExceptionsMapping.java:122)
	at com.mysql.cj.jdbc.ConnectionImpl.createNewIO(ConnectionImpl.java:833)
	at com.mysql.cj.jdbc.ConnectionImpl.<init>(ConnectionImpl.java:453)
	at com.mysql.cj.jdbc.ConnectionImpl.getInstance(ConnectionImpl.java:246)
	at com.mysql.cj.jdbc.NonRegisteringDriver.connect(NonRegisteringDriver.java:198)
	at com.alibaba.druid.filter.FilterChainImpl.connection_connect(FilterChainImpl.java:132)
	at com.alibaba.druid.filter.stat.StatFilter.connection_connect(StatFilter.java:244)
	at com.alibaba.druid.filter.FilterChainImpl.connection_connect(FilterChainImpl.java:126)
	at com.alibaba.druid.pool.DruidAbstractDataSource.createPhysicalConnection(DruidAbstractDataSource.java:1687)
	at com.alibaba.druid.pool.DruidAbstractDataSource.createPhysicalConnection(DruidAbstractDataSource.java:1803)
	at com.alibaba.druid.pool.DruidDataSource$CreateConnectionThread.run(DruidDataSource.java:2928)
2025-03-20 16:18:53,444 ERROR [com.alibaba.druid.pool.DruidDataSource] - <create connection SQLException, url: jdbc:mysql://localhost:3306/paycenter2?useUnicode=true&characterEncoding=GBK, errorCode 1049, state 42000>
java.sql.SQLSyntaxErrorException: Unknown database 'paycenter2'
	at com.mysql.cj.jdbc.exceptions.SQLError.createSQLException(SQLError.java:120)
	at com.mysql.cj.jdbc.exceptions.SQLExceptionsMapping.translateException(SQLExceptionsMapping.java:122)
	at com.mysql.cj.jdbc.ConnectionImpl.createNewIO(ConnectionImpl.java:833)
	at com.mysql.cj.jdbc.ConnectionImpl.<init>(ConnectionImpl.java:453)
	at com.mysql.cj.jdbc.ConnectionImpl.getInstance(ConnectionImpl.java:246)
	at com.mysql.cj.jdbc.NonRegisteringDriver.connect(NonRegisteringDriver.java:198)
	at com.alibaba.druid.filter.FilterChainImpl.connection_connect(FilterChainImpl.java:132)
	at com.alibaba.druid.filter.stat.StatFilter.connection_connect(StatFilter.java:244)
	at com.alibaba.druid.filter.FilterChainImpl.connection_connect(FilterChainImpl.java:126)
	at com.alibaba.druid.pool.DruidAbstractDataSource.createPhysicalConnection(DruidAbstractDataSource.java:1687)
	at com.alibaba.druid.pool.DruidAbstractDataSource.createPhysicalConnection(DruidAbstractDataSource.java:1803)
	at com.alibaba.druid.pool.DruidDataSource$CreateConnectionThread.run(DruidDataSource.java:2928)
2025-03-20 16:18:53,957 ERROR [com.alibaba.druid.pool.DruidDataSource] - <create connection SQLException, url: jdbc:mysql://localhost:3306/paycenter2?useUnicode=true&characterEncoding=GBK, errorCode 1049, state 42000>
java.sql.SQLSyntaxErrorException: Unknown database 'paycenter2'
	at com.mysql.cj.jdbc.exceptions.SQLError.createSQLException(SQLError.java:120)
	at com.mysql.cj.jdbc.exceptions.SQLExceptionsMapping.translateException(SQLExceptionsMapping.java:122)
	at com.mysql.cj.jdbc.ConnectionImpl.createNewIO(ConnectionImpl.java:833)
	at com.mysql.cj.jdbc.ConnectionImpl.<init>(ConnectionImpl.java:453)
	at com.mysql.cj.jdbc.ConnectionImpl.getInstance(ConnectionImpl.java:246)
	at com.mysql.cj.jdbc.NonRegisteringDriver.connect(NonRegisteringDriver.java:198)
	at com.alibaba.druid.filter.FilterChainImpl.connection_connect(FilterChainImpl.java:132)
	at com.alibaba.druid.filter.stat.StatFilter.connection_connect(StatFilter.java:244)
	at com.alibaba.druid.filter.FilterChainImpl.connection_connect(FilterChainImpl.java:126)
	at com.alibaba.druid.pool.DruidAbstractDataSource.createPhysicalConnection(DruidAbstractDataSource.java:1687)
	at com.alibaba.druid.pool.DruidAbstractDataSource.createPhysicalConnection(DruidAbstractDataSource.java:1803)
	at com.alibaba.druid.pool.DruidDataSource$CreateConnectionThread.run(DruidDataSource.java:2928)
2025-03-20 16:18:54,465 ERROR [com.alibaba.druid.pool.DruidDataSource] - <create connection SQLException, url: jdbc:mysql://localhost:3306/paycenter2?useUnicode=true&characterEncoding=GBK, errorCode 1049, state 42000>
java.sql.SQLSyntaxErrorException: Unknown database 'paycenter2'
	at com.mysql.cj.jdbc.exceptions.SQLError.createSQLException(SQLError.java:120)
	at com.mysql.cj.jdbc.exceptions.SQLExceptionsMapping.translateException(SQLExceptionsMapping.java:122)
	at com.mysql.cj.jdbc.ConnectionImpl.createNewIO(ConnectionImpl.java:833)
	at com.mysql.cj.jdbc.ConnectionImpl.<init>(ConnectionImpl.java:453)
	at com.mysql.cj.jdbc.ConnectionImpl.getInstance(ConnectionImpl.java:246)
	at com.mysql.cj.jdbc.NonRegisteringDriver.connect(NonRegisteringDriver.java:198)
	at com.alibaba.druid.filter.FilterChainImpl.connection_connect(FilterChainImpl.java:132)
	at com.alibaba.druid.filter.stat.StatFilter.connection_connect(StatFilter.java:244)
	at com.alibaba.druid.filter.FilterChainImpl.connection_connect(FilterChainImpl.java:126)
	at com.alibaba.druid.pool.DruidAbstractDataSource.createPhysicalConnection(DruidAbstractDataSource.java:1687)
	at com.alibaba.druid.pool.DruidAbstractDataSource.createPhysicalConnection(DruidAbstractDataSource.java:1803)
	at com.alibaba.druid.pool.DruidDataSource$CreateConnectionThread.run(DruidDataSource.java:2928)
2025-03-20 16:18:54,978 ERROR [com.alibaba.druid.pool.DruidDataSource] - <create connection SQLException, url: jdbc:mysql://localhost:3306/paycenter2?useUnicode=true&characterEncoding=GBK, errorCode 1049, state 42000>
java.sql.SQLSyntaxErrorException: Unknown database 'paycenter2'
	at com.mysql.cj.jdbc.exceptions.SQLError.createSQLException(SQLError.java:120)
	at com.mysql.cj.jdbc.exceptions.SQLExceptionsMapping.translateException(SQLExceptionsMapping.java:122)
	at com.mysql.cj.jdbc.ConnectionImpl.createNewIO(ConnectionImpl.java:833)
	at com.mysql.cj.jdbc.ConnectionImpl.<init>(ConnectionImpl.java:453)
	at com.mysql.cj.jdbc.ConnectionImpl.getInstance(ConnectionImpl.java:246)
	at com.mysql.cj.jdbc.NonRegisteringDriver.connect(NonRegisteringDriver.java:198)
	at com.alibaba.druid.filter.FilterChainImpl.connection_connect(FilterChainImpl.java:132)
	at com.alibaba.druid.filter.stat.StatFilter.connection_connect(StatFilter.java:244)
	at com.alibaba.druid.filter.FilterChainImpl.connection_connect(FilterChainImpl.java:126)
	at com.alibaba.druid.pool.DruidAbstractDataSource.createPhysicalConnection(DruidAbstractDataSource.java:1687)
	at com.alibaba.druid.pool.DruidAbstractDataSource.createPhysicalConnection(DruidAbstractDataSource.java:1803)
	at com.alibaba.druid.pool.DruidDataSource$CreateConnectionThread.run(DruidDataSource.java:2928)
2025-03-20 16:18:55,488 ERROR [com.alibaba.druid.pool.DruidDataSource] - <create connection SQLException, url: jdbc:mysql://localhost:3306/paycenter2?useUnicode=true&characterEncoding=GBK, errorCode 1049, state 42000>
java.sql.SQLSyntaxErrorException: Unknown database 'paycenter2'
	at com.mysql.cj.jdbc.exceptions.SQLError.createSQLException(SQLError.java:120)
	at com.mysql.cj.jdbc.exceptions.SQLExceptionsMapping.translateException(SQLExceptionsMapping.java:122)
	at com.mysql.cj.jdbc.ConnectionImpl.createNewIO(ConnectionImpl.java:833)
	at com.mysql.cj.jdbc.ConnectionImpl.<init>(ConnectionImpl.java:453)
	at com.mysql.cj.jdbc.ConnectionImpl.getInstance(ConnectionImpl.java:246)
	at com.mysql.cj.jdbc.NonRegisteringDriver.connect(NonRegisteringDriver.java:198)
	at com.alibaba.druid.filter.FilterChainImpl.connection_connect(FilterChainImpl.java:132)
	at com.alibaba.druid.filter.stat.StatFilter.connection_connect(StatFilter.java:244)
	at com.alibaba.druid.filter.FilterChainImpl.connection_connect(FilterChainImpl.java:126)
	at com.alibaba.druid.pool.DruidAbstractDataSource.createPhysicalConnection(DruidAbstractDataSource.java:1687)
	at com.alibaba.druid.pool.DruidAbstractDataSource.createPhysicalConnection(DruidAbstractDataSource.java:1803)
	at com.alibaba.druid.pool.DruidDataSource$CreateConnectionThread.run(DruidDataSource.java:2928)
2025-03-20 16:18:56,005 ERROR [com.alibaba.druid.pool.DruidDataSource] - <create connection SQLException, url: jdbc:mysql://localhost:3306/paycenter2?useUnicode=true&characterEncoding=GBK, errorCode 1049, state 42000>
java.sql.SQLSyntaxErrorException: Unknown database 'paycenter2'
	at com.mysql.cj.jdbc.exceptions.SQLError.createSQLException(SQLError.java:120)
	at com.mysql.cj.jdbc.exceptions.SQLExceptionsMapping.translateException(SQLExceptionsMapping.java:122)
	at com.mysql.cj.jdbc.ConnectionImpl.createNewIO(ConnectionImpl.java:833)
	at com.mysql.cj.jdbc.ConnectionImpl.<init>(ConnectionImpl.java:453)
	at com.mysql.cj.jdbc.ConnectionImpl.getInstance(ConnectionImpl.java:246)
	at com.mysql.cj.jdbc.NonRegisteringDriver.connect(NonRegisteringDriver.java:198)
	at com.alibaba.druid.filter.FilterChainImpl.connection_connect(FilterChainImpl.java:132)
	at com.alibaba.druid.filter.stat.StatFilter.connection_connect(StatFilter.java:244)
	at com.alibaba.druid.filter.FilterChainImpl.connection_connect(FilterChainImpl.java:126)
	at com.alibaba.druid.pool.DruidAbstractDataSource.createPhysicalConnection(DruidAbstractDataSource.java:1687)
	at com.alibaba.druid.pool.DruidAbstractDataSource.createPhysicalConnection(DruidAbstractDataSource.java:1803)
	at com.alibaba.druid.pool.DruidDataSource$CreateConnectionThread.run(DruidDataSource.java:2928)
2025-03-20 16:18:56,522 ERROR [com.alibaba.druid.pool.DruidDataSource] - <create connection SQLException, url: jdbc:mysql://localhost:3306/paycenter2?useUnicode=true&characterEncoding=GBK, errorCode 1049, state 42000>
java.sql.SQLSyntaxErrorException: Unknown database 'paycenter2'
	at com.mysql.cj.jdbc.exceptions.SQLError.createSQLException(SQLError.java:120)
	at com.mysql.cj.jdbc.exceptions.SQLExceptionsMapping.translateException(SQLExceptionsMapping.java:122)
	at com.mysql.cj.jdbc.ConnectionImpl.createNewIO(ConnectionImpl.java:833)
	at com.mysql.cj.jdbc.ConnectionImpl.<init>(ConnectionImpl.java:453)
	at com.mysql.cj.jdbc.ConnectionImpl.getInstance(ConnectionImpl.java:246)
	at com.mysql.cj.jdbc.NonRegisteringDriver.connect(NonRegisteringDriver.java:198)
	at com.alibaba.druid.filter.FilterChainImpl.connection_connect(FilterChainImpl.java:132)
	at com.alibaba.druid.filter.stat.StatFilter.connection_connect(StatFilter.java:244)
	at com.alibaba.druid.filter.FilterChainImpl.connection_connect(FilterChainImpl.java:126)
	at com.alibaba.druid.pool.DruidAbstractDataSource.createPhysicalConnection(DruidAbstractDataSource.java:1687)
	at com.alibaba.druid.pool.DruidAbstractDataSource.createPhysicalConnection(DruidAbstractDataSource.java:1803)
	at com.alibaba.druid.pool.DruidDataSource$CreateConnectionThread.run(DruidDataSource.java:2928)
2025-03-20 16:18:57,043 ERROR [com.alibaba.druid.pool.DruidDataSource] - <create connection SQLException, url: jdbc:mysql://localhost:3306/paycenter2?useUnicode=true&characterEncoding=GBK, errorCode 1049, state 42000>
java.sql.SQLSyntaxErrorException: Unknown database 'paycenter2'
	at com.mysql.cj.jdbc.exceptions.SQLError.createSQLException(SQLError.java:120)
	at com.mysql.cj.jdbc.exceptions.SQLExceptionsMapping.translateException(SQLExceptionsMapping.java:122)
	at com.mysql.cj.jdbc.ConnectionImpl.createNewIO(ConnectionImpl.java:833)
	at com.mysql.cj.jdbc.ConnectionImpl.<init>(ConnectionImpl.java:453)
	at com.mysql.cj.jdbc.ConnectionImpl.getInstance(ConnectionImpl.java:246)
	at com.mysql.cj.jdbc.NonRegisteringDriver.connect(NonRegisteringDriver.java:198)
	at com.alibaba.druid.filter.FilterChainImpl.connection_connect(FilterChainImpl.java:132)
	at com.alibaba.druid.filter.stat.StatFilter.connection_connect(StatFilter.java:244)
	at com.alibaba.druid.filter.FilterChainImpl.connection_connect(FilterChainImpl.java:126)
	at com.alibaba.druid.pool.DruidAbstractDataSource.createPhysicalConnection(DruidAbstractDataSource.java:1687)
	at com.alibaba.druid.pool.DruidAbstractDataSource.createPhysicalConnection(DruidAbstractDataSource.java:1803)
	at com.alibaba.druid.pool.DruidDataSource$CreateConnectionThread.run(DruidDataSource.java:2928)
2025-03-20 16:18:57,564 ERROR [com.alibaba.druid.pool.DruidDataSource] - <create connection SQLException, url: jdbc:mysql://localhost:3306/paycenter2?useUnicode=true&characterEncoding=GBK, errorCode 1049, state 42000>
java.sql.SQLSyntaxErrorException: Unknown database 'paycenter2'
	at com.mysql.cj.jdbc.exceptions.SQLError.createSQLException(SQLError.java:120)
	at com.mysql.cj.jdbc.exceptions.SQLExceptionsMapping.translateException(SQLExceptionsMapping.java:122)
	at com.mysql.cj.jdbc.ConnectionImpl.createNewIO(ConnectionImpl.java:833)
	at com.mysql.cj.jdbc.ConnectionImpl.<init>(ConnectionImpl.java:453)
	at com.mysql.cj.jdbc.ConnectionImpl.getInstance(ConnectionImpl.java:246)
	at com.mysql.cj.jdbc.NonRegisteringDriver.connect(NonRegisteringDriver.java:198)
	at com.alibaba.druid.filter.FilterChainImpl.connection_connect(FilterChainImpl.java:132)
	at com.alibaba.druid.filter.stat.StatFilter.connection_connect(StatFilter.java:244)
	at com.alibaba.druid.filter.FilterChainImpl.connection_connect(FilterChainImpl.java:126)
	at com.alibaba.druid.pool.DruidAbstractDataSource.createPhysicalConnection(DruidAbstractDataSource.java:1687)
	at com.alibaba.druid.pool.DruidAbstractDataSource.createPhysicalConnection(DruidAbstractDataSource.java:1803)
	at com.alibaba.druid.pool.DruidDataSource$CreateConnectionThread.run(DruidDataSource.java:2928)
2025-03-20 16:18:58,078 ERROR [com.alibaba.druid.pool.DruidDataSource] - <create connection SQLException, url: jdbc:mysql://localhost:3306/paycenter2?useUnicode=true&characterEncoding=GBK, errorCode 1049, state 42000>
java.sql.SQLSyntaxErrorException: Unknown database 'paycenter2'
	at com.mysql.cj.jdbc.exceptions.SQLError.createSQLException(SQLError.java:120)
	at com.mysql.cj.jdbc.exceptions.SQLExceptionsMapping.translateException(SQLExceptionsMapping.java:122)
	at com.mysql.cj.jdbc.ConnectionImpl.createNewIO(ConnectionImpl.java:833)
	at com.mysql.cj.jdbc.ConnectionImpl.<init>(ConnectionImpl.java:453)
	at com.mysql.cj.jdbc.ConnectionImpl.getInstance(ConnectionImpl.java:246)
	at com.mysql.cj.jdbc.NonRegisteringDriver.connect(NonRegisteringDriver.java:198)
	at com.alibaba.druid.filter.FilterChainImpl.connection_connect(FilterChainImpl.java:132)
	at com.alibaba.druid.filter.stat.StatFilter.connection_connect(StatFilter.java:244)
	at com.alibaba.druid.filter.FilterChainImpl.connection_connect(FilterChainImpl.java:126)
	at com.alibaba.druid.pool.DruidAbstractDataSource.createPhysicalConnection(DruidAbstractDataSource.java:1687)
	at com.alibaba.druid.pool.DruidAbstractDataSource.createPhysicalConnection(DruidAbstractDataSource.java:1803)
	at com.alibaba.druid.pool.DruidDataSource$CreateConnectionThread.run(DruidDataSource.java:2928)
2025-03-20 16:18:58,599 ERROR [com.alibaba.druid.pool.DruidDataSource] - <create connection SQLException, url: jdbc:mysql://localhost:3306/paycenter2?useUnicode=true&characterEncoding=GBK, errorCode 1049, state 42000>
java.sql.SQLSyntaxErrorException: Unknown database 'paycenter2'
	at com.mysql.cj.jdbc.exceptions.SQLError.createSQLException(SQLError.java:120)
	at com.mysql.cj.jdbc.exceptions.SQLExceptionsMapping.translateException(SQLExceptionsMapping.java:122)
	at com.mysql.cj.jdbc.ConnectionImpl.createNewIO(ConnectionImpl.java:833)
	at com.mysql.cj.jdbc.ConnectionImpl.<init>(ConnectionImpl.java:453)
	at com.mysql.cj.jdbc.ConnectionImpl.getInstance(ConnectionImpl.java:246)
	at com.mysql.cj.jdbc.NonRegisteringDriver.connect(NonRegisteringDriver.java:198)
	at com.alibaba.druid.filter.FilterChainImpl.connection_connect(FilterChainImpl.java:132)
	at com.alibaba.druid.filter.stat.StatFilter.connection_connect(StatFilter.java:244)
	at com.alibaba.druid.filter.FilterChainImpl.connection_connect(FilterChainImpl.java:126)
	at com.alibaba.druid.pool.DruidAbstractDataSource.createPhysicalConnection(DruidAbstractDataSource.java:1687)
	at com.alibaba.druid.pool.DruidAbstractDataSource.createPhysicalConnection(DruidAbstractDataSource.java:1803)
	at com.alibaba.druid.pool.DruidDataSource$CreateConnectionThread.run(DruidDataSource.java:2928)
2025-03-20 16:18:59,113 ERROR [com.alibaba.druid.pool.DruidDataSource] - <create connection SQLException, url: jdbc:mysql://localhost:3306/paycenter2?useUnicode=true&characterEncoding=GBK, errorCode 1049, state 42000>
java.sql.SQLSyntaxErrorException: Unknown database 'paycenter2'
	at com.mysql.cj.jdbc.exceptions.SQLError.createSQLException(SQLError.java:120)
	at com.mysql.cj.jdbc.exceptions.SQLExceptionsMapping.translateException(SQLExceptionsMapping.java:122)
	at com.mysql.cj.jdbc.ConnectionImpl.createNewIO(ConnectionImpl.java:833)
	at com.mysql.cj.jdbc.ConnectionImpl.<init>(ConnectionImpl.java:453)
	at com.mysql.cj.jdbc.ConnectionImpl.getInstance(ConnectionImpl.java:246)
	at com.mysql.cj.jdbc.NonRegisteringDriver.connect(NonRegisteringDriver.java:198)
	at com.alibaba.druid.filter.FilterChainImpl.connection_connect(FilterChainImpl.java:132)
	at com.alibaba.druid.filter.stat.StatFilter.connection_connect(StatFilter.java:244)
	at com.alibaba.druid.filter.FilterChainImpl.connection_connect(FilterChainImpl.java:126)
	at com.alibaba.druid.pool.DruidAbstractDataSource.createPhysicalConnection(DruidAbstractDataSource.java:1687)
	at com.alibaba.druid.pool.DruidAbstractDataSource.createPhysicalConnection(DruidAbstractDataSource.java:1803)
	at com.alibaba.druid.pool.DruidDataSource$CreateConnectionThread.run(DruidDataSource.java:2928)
2025-03-20 16:18:59,626 ERROR [com.alibaba.druid.pool.DruidDataSource] - <create connection SQLException, url: jdbc:mysql://localhost:3306/paycenter2?useUnicode=true&characterEncoding=GBK, errorCode 1049, state 42000>
java.sql.SQLSyntaxErrorException: Unknown database 'paycenter2'
	at com.mysql.cj.jdbc.exceptions.SQLError.createSQLException(SQLError.java:120)
	at com.mysql.cj.jdbc.exceptions.SQLExceptionsMapping.translateException(SQLExceptionsMapping.java:122)
	at com.mysql.cj.jdbc.ConnectionImpl.createNewIO(ConnectionImpl.java:833)
	at com.mysql.cj.jdbc.ConnectionImpl.<init>(ConnectionImpl.java:453)
	at com.mysql.cj.jdbc.ConnectionImpl.getInstance(ConnectionImpl.java:246)
	at com.mysql.cj.jdbc.NonRegisteringDriver.connect(NonRegisteringDriver.java:198)
	at com.alibaba.druid.filter.FilterChainImpl.connection_connect(FilterChainImpl.java:132)
	at com.alibaba.druid.filter.stat.StatFilter.connection_connect(StatFilter.java:244)
	at com.alibaba.druid.filter.FilterChainImpl.connection_connect(FilterChainImpl.java:126)
	at com.alibaba.druid.pool.DruidAbstractDataSource.createPhysicalConnection(DruidAbstractDataSource.java:1687)
	at com.alibaba.druid.pool.DruidAbstractDataSource.createPhysicalConnection(DruidAbstractDataSource.java:1803)
	at com.alibaba.druid.pool.DruidDataSource$CreateConnectionThread.run(DruidDataSource.java:2928)
2025-03-20 16:19:00,141 ERROR [com.alibaba.druid.pool.DruidDataSource] - <create connection SQLException, url: jdbc:mysql://localhost:3306/paycenter2?useUnicode=true&characterEncoding=GBK, errorCode 1049, state 42000>
java.sql.SQLSyntaxErrorException: Unknown database 'paycenter2'
	at com.mysql.cj.jdbc.exceptions.SQLError.createSQLException(SQLError.java:120)
	at com.mysql.cj.jdbc.exceptions.SQLExceptionsMapping.translateException(SQLExceptionsMapping.java:122)
	at com.mysql.cj.jdbc.ConnectionImpl.createNewIO(ConnectionImpl.java:833)
	at com.mysql.cj.jdbc.ConnectionImpl.<init>(ConnectionImpl.java:453)
	at com.mysql.cj.jdbc.ConnectionImpl.getInstance(ConnectionImpl.java:246)
	at com.mysql.cj.jdbc.NonRegisteringDriver.connect(NonRegisteringDriver.java:198)
	at com.alibaba.druid.filter.FilterChainImpl.connection_connect(FilterChainImpl.java:132)
	at com.alibaba.druid.filter.stat.StatFilter.connection_connect(StatFilter.java:244)
	at com.alibaba.druid.filter.FilterChainImpl.connection_connect(FilterChainImpl.java:126)
	at com.alibaba.druid.pool.DruidAbstractDataSource.createPhysicalConnection(DruidAbstractDataSource.java:1687)
	at com.alibaba.druid.pool.DruidAbstractDataSource.createPhysicalConnection(DruidAbstractDataSource.java:1803)
	at com.alibaba.druid.pool.DruidDataSource$CreateConnectionThread.run(DruidDataSource.java:2928)
2025-03-20 16:19:00,649 ERROR [com.alibaba.druid.pool.DruidDataSource] - <create connection SQLException, url: jdbc:mysql://localhost:3306/paycenter2?useUnicode=true&characterEncoding=GBK, errorCode 1049, state 42000>
java.sql.SQLSyntaxErrorException: Unknown database 'paycenter2'
	at com.mysql.cj.jdbc.exceptions.SQLError.createSQLException(SQLError.java:120)
	at com.mysql.cj.jdbc.exceptions.SQLExceptionsMapping.translateException(SQLExceptionsMapping.java:122)
	at com.mysql.cj.jdbc.ConnectionImpl.createNewIO(ConnectionImpl.java:833)
	at com.mysql.cj.jdbc.ConnectionImpl.<init>(ConnectionImpl.java:453)
	at com.mysql.cj.jdbc.ConnectionImpl.getInstance(ConnectionImpl.java:246)
	at com.mysql.cj.jdbc.NonRegisteringDriver.connect(NonRegisteringDriver.java:198)
	at com.alibaba.druid.filter.FilterChainImpl.connection_connect(FilterChainImpl.java:132)
	at com.alibaba.druid.filter.stat.StatFilter.connection_connect(StatFilter.java:244)
	at com.alibaba.druid.filter.FilterChainImpl.connection_connect(FilterChainImpl.java:126)
	at com.alibaba.druid.pool.DruidAbstractDataSource.createPhysicalConnection(DruidAbstractDataSource.java:1687)
	at com.alibaba.druid.pool.DruidAbstractDataSource.createPhysicalConnection(DruidAbstractDataSource.java:1803)
	at com.alibaba.druid.pool.DruidDataSource$CreateConnectionThread.run(DruidDataSource.java:2928)
2025-03-20 16:19:01,162 ERROR [com.alibaba.druid.pool.DruidDataSource] - <create connection SQLException, url: jdbc:mysql://localhost:3306/paycenter2?useUnicode=true&characterEncoding=GBK, errorCode 1049, state 42000>
java.sql.SQLSyntaxErrorException: Unknown database 'paycenter2'
	at com.mysql.cj.jdbc.exceptions.SQLError.createSQLException(SQLError.java:120)
	at com.mysql.cj.jdbc.exceptions.SQLExceptionsMapping.translateException(SQLExceptionsMapping.java:122)
	at com.mysql.cj.jdbc.ConnectionImpl.createNewIO(ConnectionImpl.java:833)
	at com.mysql.cj.jdbc.ConnectionImpl.<init>(ConnectionImpl.java:453)
	at com.mysql.cj.jdbc.ConnectionImpl.getInstance(ConnectionImpl.java:246)
	at com.mysql.cj.jdbc.NonRegisteringDriver.connect(NonRegisteringDriver.java:198)
	at com.alibaba.druid.filter.FilterChainImpl.connection_connect(FilterChainImpl.java:132)
	at com.alibaba.druid.filter.stat.StatFilter.connection_connect(StatFilter.java:244)
	at com.alibaba.druid.filter.FilterChainImpl.connection_connect(FilterChainImpl.java:126)
	at com.alibaba.druid.pool.DruidAbstractDataSource.createPhysicalConnection(DruidAbstractDataSource.java:1687)
	at com.alibaba.druid.pool.DruidAbstractDataSource.createPhysicalConnection(DruidAbstractDataSource.java:1803)
	at com.alibaba.druid.pool.DruidDataSource$CreateConnectionThread.run(DruidDataSource.java:2928)
2025-03-20 16:19:01,674 ERROR [com.alibaba.druid.pool.DruidDataSource] - <create connection SQLException, url: jdbc:mysql://localhost:3306/paycenter2?useUnicode=true&characterEncoding=GBK, errorCode 1049, state 42000>
java.sql.SQLSyntaxErrorException: Unknown database 'paycenter2'
	at com.mysql.cj.jdbc.exceptions.SQLError.createSQLException(SQLError.java:120)
	at com.mysql.cj.jdbc.exceptions.SQLExceptionsMapping.translateException(SQLExceptionsMapping.java:122)
	at com.mysql.cj.jdbc.ConnectionImpl.createNewIO(ConnectionImpl.java:833)
	at com.mysql.cj.jdbc.ConnectionImpl.<init>(ConnectionImpl.java:453)
	at com.mysql.cj.jdbc.ConnectionImpl.getInstance(ConnectionImpl.java:246)
	at com.mysql.cj.jdbc.NonRegisteringDriver.connect(NonRegisteringDriver.java:198)
	at com.alibaba.druid.filter.FilterChainImpl.connection_connect(FilterChainImpl.java:132)
	at com.alibaba.druid.filter.stat.StatFilter.connection_connect(StatFilter.java:244)
	at com.alibaba.druid.filter.FilterChainImpl.connection_connect(FilterChainImpl.java:126)
	at com.alibaba.druid.pool.DruidAbstractDataSource.createPhysicalConnection(DruidAbstractDataSource.java:1687)
	at com.alibaba.druid.pool.DruidAbstractDataSource.createPhysicalConnection(DruidAbstractDataSource.java:1803)
	at com.alibaba.druid.pool.DruidDataSource$CreateConnectionThread.run(DruidDataSource.java:2928)
2025-03-20 16:19:02,187 ERROR [com.alibaba.druid.pool.DruidDataSource] - <create connection SQLException, url: jdbc:mysql://localhost:3306/paycenter2?useUnicode=true&characterEncoding=GBK, errorCode 1049, state 42000>
java.sql.SQLSyntaxErrorException: Unknown database 'paycenter2'
	at com.mysql.cj.jdbc.exceptions.SQLError.createSQLException(SQLError.java:120)
	at com.mysql.cj.jdbc.exceptions.SQLExceptionsMapping.translateException(SQLExceptionsMapping.java:122)
	at com.mysql.cj.jdbc.ConnectionImpl.createNewIO(ConnectionImpl.java:833)
	at com.mysql.cj.jdbc.ConnectionImpl.<init>(ConnectionImpl.java:453)
	at com.mysql.cj.jdbc.ConnectionImpl.getInstance(ConnectionImpl.java:246)
	at com.mysql.cj.jdbc.NonRegisteringDriver.connect(NonRegisteringDriver.java:198)
	at com.alibaba.druid.filter.FilterChainImpl.connection_connect(FilterChainImpl.java:132)
	at com.alibaba.druid.filter.stat.StatFilter.connection_connect(StatFilter.java:244)
	at com.alibaba.druid.filter.FilterChainImpl.connection_connect(FilterChainImpl.java:126)
	at com.alibaba.druid.pool.DruidAbstractDataSource.createPhysicalConnection(DruidAbstractDataSource.java:1687)
	at com.alibaba.druid.pool.DruidAbstractDataSource.createPhysicalConnection(DruidAbstractDataSource.java:1803)
	at com.alibaba.druid.pool.DruidDataSource$CreateConnectionThread.run(DruidDataSource.java:2928)
2025-03-20 16:19:02,699 ERROR [com.alibaba.druid.pool.DruidDataSource] - <create connection SQLException, url: jdbc:mysql://localhost:3306/paycenter2?useUnicode=true&characterEncoding=GBK, errorCode 1049, state 42000>
java.sql.SQLSyntaxErrorException: Unknown database 'paycenter2'
	at com.mysql.cj.jdbc.exceptions.SQLError.createSQLException(SQLError.java:120)
	at com.mysql.cj.jdbc.exceptions.SQLExceptionsMapping.translateException(SQLExceptionsMapping.java:122)
	at com.mysql.cj.jdbc.ConnectionImpl.createNewIO(ConnectionImpl.java:833)
	at com.mysql.cj.jdbc.ConnectionImpl.<init>(ConnectionImpl.java:453)
	at com.mysql.cj.jdbc.ConnectionImpl.getInstance(ConnectionImpl.java:246)
	at com.mysql.cj.jdbc.NonRegisteringDriver.connect(NonRegisteringDriver.java:198)
	at com.alibaba.druid.filter.FilterChainImpl.connection_connect(FilterChainImpl.java:132)
	at com.alibaba.druid.filter.stat.StatFilter.connection_connect(StatFilter.java:244)
	at com.alibaba.druid.filter.FilterChainImpl.connection_connect(FilterChainImpl.java:126)
	at com.alibaba.druid.pool.DruidAbstractDataSource.createPhysicalConnection(DruidAbstractDataSource.java:1687)
	at com.alibaba.druid.pool.DruidAbstractDataSource.createPhysicalConnection(DruidAbstractDataSource.java:1803)
	at com.alibaba.druid.pool.DruidDataSource$CreateConnectionThread.run(DruidDataSource.java:2928)
2025-03-20 16:19:03,213 ERROR [com.alibaba.druid.pool.DruidDataSource] - <create connection SQLException, url: jdbc:mysql://localhost:3306/paycenter2?useUnicode=true&characterEncoding=GBK, errorCode 1049, state 42000>
java.sql.SQLSyntaxErrorException: Unknown database 'paycenter2'
	at com.mysql.cj.jdbc.exceptions.SQLError.createSQLException(SQLError.java:120)
	at com.mysql.cj.jdbc.exceptions.SQLExceptionsMapping.translateException(SQLExceptionsMapping.java:122)
	at com.mysql.cj.jdbc.ConnectionImpl.createNewIO(ConnectionImpl.java:833)
	at com.mysql.cj.jdbc.ConnectionImpl.<init>(ConnectionImpl.java:453)
	at com.mysql.cj.jdbc.ConnectionImpl.getInstance(ConnectionImpl.java:246)
	at com.mysql.cj.jdbc.NonRegisteringDriver.connect(NonRegisteringDriver.java:198)
	at com.alibaba.druid.filter.FilterChainImpl.connection_connect(FilterChainImpl.java:132)
	at com.alibaba.druid.filter.stat.StatFilter.connection_connect(StatFilter.java:244)
	at com.alibaba.druid.filter.FilterChainImpl.connection_connect(FilterChainImpl.java:126)
	at com.alibaba.druid.pool.DruidAbstractDataSource.createPhysicalConnection(DruidAbstractDataSource.java:1687)
	at com.alibaba.druid.pool.DruidAbstractDataSource.createPhysicalConnection(DruidAbstractDataSource.java:1803)
	at com.alibaba.druid.pool.DruidDataSource$CreateConnectionThread.run(DruidDataSource.java:2928)
2025-03-20 16:19:03,736 ERROR [com.alibaba.druid.pool.DruidDataSource] - <create connection SQLException, url: jdbc:mysql://localhost:3306/paycenter2?useUnicode=true&characterEncoding=GBK, errorCode 1049, state 42000>
java.sql.SQLSyntaxErrorException: Unknown database 'paycenter2'
	at com.mysql.cj.jdbc.exceptions.SQLError.createSQLException(SQLError.java:120)
	at com.mysql.cj.jdbc.exceptions.SQLExceptionsMapping.translateException(SQLExceptionsMapping.java:122)
	at com.mysql.cj.jdbc.ConnectionImpl.createNewIO(ConnectionImpl.java:833)
	at com.mysql.cj.jdbc.ConnectionImpl.<init>(ConnectionImpl.java:453)
	at com.mysql.cj.jdbc.ConnectionImpl.getInstance(ConnectionImpl.java:246)
	at com.mysql.cj.jdbc.NonRegisteringDriver.connect(NonRegisteringDriver.java:198)
	at com.alibaba.druid.filter.FilterChainImpl.connection_connect(FilterChainImpl.java:132)
	at com.alibaba.druid.filter.stat.StatFilter.connection_connect(StatFilter.java:244)
	at com.alibaba.druid.filter.FilterChainImpl.connection_connect(FilterChainImpl.java:126)
	at com.alibaba.druid.pool.DruidAbstractDataSource.createPhysicalConnection(DruidAbstractDataSource.java:1687)
	at com.alibaba.druid.pool.DruidAbstractDataSource.createPhysicalConnection(DruidAbstractDataSource.java:1803)
	at com.alibaba.druid.pool.DruidDataSource$CreateConnectionThread.run(DruidDataSource.java:2928)
2025-03-20 16:19:04,257 ERROR [com.alibaba.druid.pool.DruidDataSource] - <create connection SQLException, url: jdbc:mysql://localhost:3306/paycenter2?useUnicode=true&characterEncoding=GBK, errorCode 1049, state 42000>
java.sql.SQLSyntaxErrorException: Unknown database 'paycenter2'
	at com.mysql.cj.jdbc.exceptions.SQLError.createSQLException(SQLError.java:120)
	at com.mysql.cj.jdbc.exceptions.SQLExceptionsMapping.translateException(SQLExceptionsMapping.java:122)
	at com.mysql.cj.jdbc.ConnectionImpl.createNewIO(ConnectionImpl.java:833)
	at com.mysql.cj.jdbc.ConnectionImpl.<init>(ConnectionImpl.java:453)
	at com.mysql.cj.jdbc.ConnectionImpl.getInstance(ConnectionImpl.java:246)
	at com.mysql.cj.jdbc.NonRegisteringDriver.connect(NonRegisteringDriver.java:198)
	at com.alibaba.druid.filter.FilterChainImpl.connection_connect(FilterChainImpl.java:132)
	at com.alibaba.druid.filter.stat.StatFilter.connection_connect(StatFilter.java:244)
	at com.alibaba.druid.filter.FilterChainImpl.connection_connect(FilterChainImpl.java:126)
	at com.alibaba.druid.pool.DruidAbstractDataSource.createPhysicalConnection(DruidAbstractDataSource.java:1687)
	at com.alibaba.druid.pool.DruidAbstractDataSource.createPhysicalConnection(DruidAbstractDataSource.java:1803)
	at com.alibaba.druid.pool.DruidDataSource$CreateConnectionThread.run(DruidDataSource.java:2928)
2025-03-20 16:19:04,778 ERROR [com.alibaba.druid.pool.DruidDataSource] - <create connection SQLException, url: jdbc:mysql://localhost:3306/paycenter2?useUnicode=true&characterEncoding=GBK, errorCode 1049, state 42000>
java.sql.SQLSyntaxErrorException: Unknown database 'paycenter2'
	at com.mysql.cj.jdbc.exceptions.SQLError.createSQLException(SQLError.java:120)
	at com.mysql.cj.jdbc.exceptions.SQLExceptionsMapping.translateException(SQLExceptionsMapping.java:122)
	at com.mysql.cj.jdbc.ConnectionImpl.createNewIO(ConnectionImpl.java:833)
	at com.mysql.cj.jdbc.ConnectionImpl.<init>(ConnectionImpl.java:453)
	at com.mysql.cj.jdbc.ConnectionImpl.getInstance(ConnectionImpl.java:246)
	at com.mysql.cj.jdbc.NonRegisteringDriver.connect(NonRegisteringDriver.java:198)
	at com.alibaba.druid.filter.FilterChainImpl.connection_connect(FilterChainImpl.java:132)
	at com.alibaba.druid.filter.stat.StatFilter.connection_connect(StatFilter.java:244)
	at com.alibaba.druid.filter.FilterChainImpl.connection_connect(FilterChainImpl.java:126)
	at com.alibaba.druid.pool.DruidAbstractDataSource.createPhysicalConnection(DruidAbstractDataSource.java:1687)
	at com.alibaba.druid.pool.DruidAbstractDataSource.createPhysicalConnection(DruidAbstractDataSource.java:1803)
	at com.alibaba.druid.pool.DruidDataSource$CreateConnectionThread.run(DruidDataSource.java:2928)
2025-03-20 16:19:05,291 ERROR [com.alibaba.druid.pool.DruidDataSource] - <create connection SQLException, url: jdbc:mysql://localhost:3306/paycenter2?useUnicode=true&characterEncoding=GBK, errorCode 1049, state 42000>
java.sql.SQLSyntaxErrorException: Unknown database 'paycenter2'
	at com.mysql.cj.jdbc.exceptions.SQLError.createSQLException(SQLError.java:120)
	at com.mysql.cj.jdbc.exceptions.SQLExceptionsMapping.translateException(SQLExceptionsMapping.java:122)
	at com.mysql.cj.jdbc.ConnectionImpl.createNewIO(ConnectionImpl.java:833)
	at com.mysql.cj.jdbc.ConnectionImpl.<init>(ConnectionImpl.java:453)
	at com.mysql.cj.jdbc.ConnectionImpl.getInstance(ConnectionImpl.java:246)
	at com.mysql.cj.jdbc.NonRegisteringDriver.connect(NonRegisteringDriver.java:198)
	at com.alibaba.druid.filter.FilterChainImpl.connection_connect(FilterChainImpl.java:132)
	at com.alibaba.druid.filter.stat.StatFilter.connection_connect(StatFilter.java:244)
	at com.alibaba.druid.filter.FilterChainImpl.connection_connect(FilterChainImpl.java:126)
	at com.alibaba.druid.pool.DruidAbstractDataSource.createPhysicalConnection(DruidAbstractDataSource.java:1687)
	at com.alibaba.druid.pool.DruidAbstractDataSource.createPhysicalConnection(DruidAbstractDataSource.java:1803)
	at com.alibaba.druid.pool.DruidDataSource$CreateConnectionThread.run(DruidDataSource.java:2928)
2025-03-20 16:19:05,800 ERROR [com.alibaba.druid.pool.DruidDataSource] - <create connection SQLException, url: jdbc:mysql://localhost:3306/paycenter2?useUnicode=true&characterEncoding=GBK, errorCode 1049, state 42000>
java.sql.SQLSyntaxErrorException: Unknown database 'paycenter2'
	at com.mysql.cj.jdbc.exceptions.SQLError.createSQLException(SQLError.java:120)
	at com.mysql.cj.jdbc.exceptions.SQLExceptionsMapping.translateException(SQLExceptionsMapping.java:122)
	at com.mysql.cj.jdbc.ConnectionImpl.createNewIO(ConnectionImpl.java:833)
	at com.mysql.cj.jdbc.ConnectionImpl.<init>(ConnectionImpl.java:453)
	at com.mysql.cj.jdbc.ConnectionImpl.getInstance(ConnectionImpl.java:246)
	at com.mysql.cj.jdbc.NonRegisteringDriver.connect(NonRegisteringDriver.java:198)
	at com.alibaba.druid.filter.FilterChainImpl.connection_connect(FilterChainImpl.java:132)
	at com.alibaba.druid.filter.stat.StatFilter.connection_connect(StatFilter.java:244)
	at com.alibaba.druid.filter.FilterChainImpl.connection_connect(FilterChainImpl.java:126)
	at com.alibaba.druid.pool.DruidAbstractDataSource.createPhysicalConnection(DruidAbstractDataSource.java:1687)
	at com.alibaba.druid.pool.DruidAbstractDataSource.createPhysicalConnection(DruidAbstractDataSource.java:1803)
	at com.alibaba.druid.pool.DruidDataSource$CreateConnectionThread.run(DruidDataSource.java:2928)
2025-03-20 16:19:06,312 ERROR [com.alibaba.druid.pool.DruidDataSource] - <create connection SQLException, url: jdbc:mysql://localhost:3306/paycenter2?useUnicode=true&characterEncoding=GBK, errorCode 1049, state 42000>
java.sql.SQLSyntaxErrorException: Unknown database 'paycenter2'
	at com.mysql.cj.jdbc.exceptions.SQLError.createSQLException(SQLError.java:120)
	at com.mysql.cj.jdbc.exceptions.SQLExceptionsMapping.translateException(SQLExceptionsMapping.java:122)
	at com.mysql.cj.jdbc.ConnectionImpl.createNewIO(ConnectionImpl.java:833)
	at com.mysql.cj.jdbc.ConnectionImpl.<init>(ConnectionImpl.java:453)
	at com.mysql.cj.jdbc.ConnectionImpl.getInstance(ConnectionImpl.java:246)
	at com.mysql.cj.jdbc.NonRegisteringDriver.connect(NonRegisteringDriver.java:198)
	at com.alibaba.druid.filter.FilterChainImpl.connection_connect(FilterChainImpl.java:132)
	at com.alibaba.druid.filter.stat.StatFilter.connection_connect(StatFilter.java:244)
	at com.alibaba.druid.filter.FilterChainImpl.connection_connect(FilterChainImpl.java:126)
	at com.alibaba.druid.pool.DruidAbstractDataSource.createPhysicalConnection(DruidAbstractDataSource.java:1687)
	at com.alibaba.druid.pool.DruidAbstractDataSource.createPhysicalConnection(DruidAbstractDataSource.java:1803)
	at com.alibaba.druid.pool.DruidDataSource$CreateConnectionThread.run(DruidDataSource.java:2928)
2025-03-20 16:19:06,824 ERROR [com.alibaba.druid.pool.DruidDataSource] - <create connection SQLException, url: jdbc:mysql://localhost:3306/paycenter2?useUnicode=true&characterEncoding=GBK, errorCode 1049, state 42000>
java.sql.SQLSyntaxErrorException: Unknown database 'paycenter2'
	at com.mysql.cj.jdbc.exceptions.SQLError.createSQLException(SQLError.java:120)
	at com.mysql.cj.jdbc.exceptions.SQLExceptionsMapping.translateException(SQLExceptionsMapping.java:122)
	at com.mysql.cj.jdbc.ConnectionImpl.createNewIO(ConnectionImpl.java:833)
	at com.mysql.cj.jdbc.ConnectionImpl.<init>(ConnectionImpl.java:453)
	at com.mysql.cj.jdbc.ConnectionImpl.getInstance(ConnectionImpl.java:246)
	at com.mysql.cj.jdbc.NonRegisteringDriver.connect(NonRegisteringDriver.java:198)
	at com.alibaba.druid.filter.FilterChainImpl.connection_connect(FilterChainImpl.java:132)
	at com.alibaba.druid.filter.stat.StatFilter.connection_connect(StatFilter.java:244)
	at com.alibaba.druid.filter.FilterChainImpl.connection_connect(FilterChainImpl.java:126)
	at com.alibaba.druid.pool.DruidAbstractDataSource.createPhysicalConnection(DruidAbstractDataSource.java:1687)
	at com.alibaba.druid.pool.DruidAbstractDataSource.createPhysicalConnection(DruidAbstractDataSource.java:1803)
	at com.alibaba.druid.pool.DruidDataSource$CreateConnectionThread.run(DruidDataSource.java:2928)
2025-03-20 16:19:07,376 ERROR [com.alibaba.druid.pool.DruidDataSource] - <create connection SQLException, url: jdbc:mysql://localhost:3306/paycenter2?useUnicode=true&characterEncoding=GBK, errorCode 1049, state 42000>
java.sql.SQLSyntaxErrorException: Unknown database 'paycenter2'
	at com.mysql.cj.jdbc.exceptions.SQLError.createSQLException(SQLError.java:120)
	at com.mysql.cj.jdbc.exceptions.SQLExceptionsMapping.translateException(SQLExceptionsMapping.java:122)
	at com.mysql.cj.jdbc.ConnectionImpl.createNewIO(ConnectionImpl.java:833)
	at com.mysql.cj.jdbc.ConnectionImpl.<init>(ConnectionImpl.java:453)
	at com.mysql.cj.jdbc.ConnectionImpl.getInstance(ConnectionImpl.java:246)
	at com.mysql.cj.jdbc.NonRegisteringDriver.connect(NonRegisteringDriver.java:198)
	at com.alibaba.druid.filter.FilterChainImpl.connection_connect(FilterChainImpl.java:132)
	at com.alibaba.druid.filter.stat.StatFilter.connection_connect(StatFilter.java:244)
	at com.alibaba.druid.filter.FilterChainImpl.connection_connect(FilterChainImpl.java:126)
	at com.alibaba.druid.pool.DruidAbstractDataSource.createPhysicalConnection(DruidAbstractDataSource.java:1687)
	at com.alibaba.druid.pool.DruidAbstractDataSource.createPhysicalConnection(DruidAbstractDataSource.java:1803)
	at com.alibaba.druid.pool.DruidDataSource$CreateConnectionThread.run(DruidDataSource.java:2928)
2025-03-20 16:19:07,899 ERROR [com.alibaba.druid.pool.DruidDataSource] - <create connection SQLException, url: jdbc:mysql://localhost:3306/paycenter2?useUnicode=true&characterEncoding=GBK, errorCode 1049, state 42000>
java.sql.SQLSyntaxErrorException: Unknown database 'paycenter2'
	at com.mysql.cj.jdbc.exceptions.SQLError.createSQLException(SQLError.java:120)
	at com.mysql.cj.jdbc.exceptions.SQLExceptionsMapping.translateException(SQLExceptionsMapping.java:122)
	at com.mysql.cj.jdbc.ConnectionImpl.createNewIO(ConnectionImpl.java:833)
	at com.mysql.cj.jdbc.ConnectionImpl.<init>(ConnectionImpl.java:453)
	at com.mysql.cj.jdbc.ConnectionImpl.getInstance(ConnectionImpl.java:246)
	at com.mysql.cj.jdbc.NonRegisteringDriver.connect(NonRegisteringDriver.java:198)
	at com.alibaba.druid.filter.FilterChainImpl.connection_connect(FilterChainImpl.java:132)
	at com.alibaba.druid.filter.stat.StatFilter.connection_connect(StatFilter.java:244)
	at com.alibaba.druid.filter.FilterChainImpl.connection_connect(FilterChainImpl.java:126)
	at com.alibaba.druid.pool.DruidAbstractDataSource.createPhysicalConnection(DruidAbstractDataSource.java:1687)
	at com.alibaba.druid.pool.DruidAbstractDataSource.createPhysicalConnection(DruidAbstractDataSource.java:1803)
	at com.alibaba.druid.pool.DruidDataSource$CreateConnectionThread.run(DruidDataSource.java:2928)
2025-03-20 16:19:08,422 ERROR [com.alibaba.druid.pool.DruidDataSource] - <create connection SQLException, url: jdbc:mysql://localhost:3306/paycenter2?useUnicode=true&characterEncoding=GBK, errorCode 1049, state 42000>
java.sql.SQLSyntaxErrorException: Unknown database 'paycenter2'
	at com.mysql.cj.jdbc.exceptions.SQLError.createSQLException(SQLError.java:120)
	at com.mysql.cj.jdbc.exceptions.SQLExceptionsMapping.translateException(SQLExceptionsMapping.java:122)
	at com.mysql.cj.jdbc.ConnectionImpl.createNewIO(ConnectionImpl.java:833)
	at com.mysql.cj.jdbc.ConnectionImpl.<init>(ConnectionImpl.java:453)
	at com.mysql.cj.jdbc.ConnectionImpl.getInstance(ConnectionImpl.java:246)
	at com.mysql.cj.jdbc.NonRegisteringDriver.connect(NonRegisteringDriver.java:198)
	at com.alibaba.druid.filter.FilterChainImpl.connection_connect(FilterChainImpl.java:132)
	at com.alibaba.druid.filter.stat.StatFilter.connection_connect(StatFilter.java:244)
	at com.alibaba.druid.filter.FilterChainImpl.connection_connect(FilterChainImpl.java:126)
	at com.alibaba.druid.pool.DruidAbstractDataSource.createPhysicalConnection(DruidAbstractDataSource.java:1687)
	at com.alibaba.druid.pool.DruidAbstractDataSource.createPhysicalConnection(DruidAbstractDataSource.java:1803)
	at com.alibaba.druid.pool.DruidDataSource$CreateConnectionThread.run(DruidDataSource.java:2928)
2025-03-20 16:19:08,936 ERROR [com.alibaba.druid.pool.DruidDataSource] - <create connection SQLException, url: jdbc:mysql://localhost:3306/paycenter2?useUnicode=true&characterEncoding=GBK, errorCode 1049, state 42000>
java.sql.SQLSyntaxErrorException: Unknown database 'paycenter2'
	at com.mysql.cj.jdbc.exceptions.SQLError.createSQLException(SQLError.java:120)
	at com.mysql.cj.jdbc.exceptions.SQLExceptionsMapping.translateException(SQLExceptionsMapping.java:122)
	at com.mysql.cj.jdbc.ConnectionImpl.createNewIO(ConnectionImpl.java:833)
	at com.mysql.cj.jdbc.ConnectionImpl.<init>(ConnectionImpl.java:453)
	at com.mysql.cj.jdbc.ConnectionImpl.getInstance(ConnectionImpl.java:246)
	at com.mysql.cj.jdbc.NonRegisteringDriver.connect(NonRegisteringDriver.java:198)
	at com.alibaba.druid.filter.FilterChainImpl.connection_connect(FilterChainImpl.java:132)
	at com.alibaba.druid.filter.stat.StatFilter.connection_connect(StatFilter.java:244)
	at com.alibaba.druid.filter.FilterChainImpl.connection_connect(FilterChainImpl.java:126)
	at com.alibaba.druid.pool.DruidAbstractDataSource.createPhysicalConnection(DruidAbstractDataSource.java:1687)
	at com.alibaba.druid.pool.DruidAbstractDataSource.createPhysicalConnection(DruidAbstractDataSource.java:1803)
	at com.alibaba.druid.pool.DruidDataSource$CreateConnectionThread.run(DruidDataSource.java:2928)
2025-03-20 16:19:26,003 ERROR [com.jxt.paycenter.appclient.thread.WithdrawThread] - < Thread-14  1742458766002>
2025-03-20 16:19:26,003 ERROR [com.jxt.paycenter.appclient.thread.WithdrawThread] - < Thread-14  1742458766002>
2025-03-20 16:19:32,142 ERROR [com.jxt.paycenter.appclient.thread.WithdrawThread] - < Thread-14  1742458772142>
2025-03-20 16:19:32,142 ERROR [com.jxt.paycenter.appclient.thread.WithdrawThread] - < Thread-14  1742458772142>
2025-03-20 16:19:38,266 ERROR [com.jxt.paycenter.appclient.thread.WithdrawThread] - < Thread-14  1742458778266>
2025-03-20 16:19:38,266 ERROR [com.jxt.paycenter.appclient.thread.WithdrawThread] - < Thread-14  1742458778266>
2025-03-20 16:19:44,387 ERROR [com.jxt.paycenter.appclient.thread.WithdrawThread] - < Thread-14  1742458784387>
2025-03-20 16:19:44,387 ERROR [com.jxt.paycenter.appclient.thread.WithdrawThread] - < Thread-14  1742458784387>
2025-03-20 16:20:06,762 ERROR [com.jxt.paycenter.appclient.thread.WithdrawThread] - < Thread-15  1742458806762>
2025-03-20 16:20:06,762 ERROR [com.jxt.paycenter.appclient.thread.WithdrawThread] - < Thread-15  1742458806762>
2025-03-20 16:20:12,898 ERROR [com.jxt.paycenter.appclient.thread.WithdrawThread] - < Thread-15  1742458812898>
2025-03-20 16:20:12,898 ERROR [com.jxt.paycenter.appclient.thread.WithdrawThread] - < Thread-15  1742458812898>
2025-03-20 16:20:19,038 ERROR [com.jxt.paycenter.appclient.thread.WithdrawThread] - < Thread-15  1742458819038>
2025-03-20 16:20:19,038 ERROR [com.jxt.paycenter.appclient.thread.WithdrawThread] - < Thread-15  1742458819038>
2025-03-20 16:20:25,210 ERROR [com.jxt.paycenter.appclient.thread.WithdrawThread] - < Thread-15  1742458825210>
2025-03-20 16:20:25,210 ERROR [com.jxt.paycenter.appclient.thread.WithdrawThread] - < Thread-15  1742458825210>
2025-03-20 16:20:31,342 ERROR [com.jxt.paycenter.appclient.thread.WithdrawThread] - < Thread-15  1742458831342>
2025-03-20 16:20:31,342 ERROR [com.jxt.paycenter.appclient.thread.WithdrawThread] - < Thread-15  1742458831342>
2025-03-20 16:20:37,482 ERROR [com.jxt.paycenter.appclient.thread.WithdrawThread] - < Thread-15  1742458837482>
2025-03-20 16:20:37,482 ERROR [com.jxt.paycenter.appclient.thread.WithdrawThread] - < Thread-15  1742458837482>
2025-03-20 16:20:43,641 ERROR [com.jxt.paycenter.appclient.thread.WithdrawThread] - < Thread-15  1742458843641>
2025-03-20 16:20:43,641 ERROR [com.jxt.paycenter.appclient.thread.WithdrawThread] - < Thread-15  1742458843641>
2025-03-20 16:20:49,815 ERROR [com.jxt.paycenter.appclient.thread.WithdrawThread] - < Thread-15  1742458849815>
2025-03-20 16:20:49,815 ERROR [com.jxt.paycenter.appclient.thread.WithdrawThread] - < Thread-15  1742458849815>
2025-03-20 16:20:56,133 ERROR [com.jxt.paycenter.appclient.thread.WithdrawThread] - < Thread-15  1742458856133>
2025-03-20 16:20:56,133 ERROR [com.jxt.paycenter.appclient.thread.WithdrawThread] - < Thread-15  1742458856133>
2025-03-20 16:21:02,253 ERROR [com.jxt.paycenter.appclient.thread.WithdrawThread] - < Thread-15  1742458862253>
2025-03-20 16:21:02,253 ERROR [com.jxt.paycenter.appclient.thread.WithdrawThread] - < Thread-15  1742458862253>
2025-03-20 16:21:08,393 ERROR [com.jxt.paycenter.appclient.thread.WithdrawThread] - < Thread-15  1742458868393>
2025-03-20 16:21:08,393 ERROR [com.jxt.paycenter.appclient.thread.WithdrawThread] - < Thread-15  1742458868393>
2025-03-20 16:21:14,557 ERROR [com.jxt.paycenter.appclient.thread.WithdrawThread] - < Thread-15  1742458874557>
2025-03-20 16:21:14,557 ERROR [com.jxt.paycenter.appclient.thread.WithdrawThread] - < Thread-15  1742458874557>
2025-03-20 16:21:20,727 ERROR [com.jxt.paycenter.appclient.thread.WithdrawThread] - < Thread-15  1742458880727>
2025-03-20 16:21:20,727 ERROR [com.jxt.paycenter.appclient.thread.WithdrawThread] - < Thread-15  1742458880727>
2025-03-20 16:21:26,859 ERROR [com.jxt.paycenter.appclient.thread.WithdrawThread] - < Thread-15  1742458886859>
2025-03-20 16:21:26,859 ERROR [com.jxt.paycenter.appclient.thread.WithdrawThread] - < Thread-15  1742458886859>
2025-03-20 16:21:33,023 ERROR [com.jxt.paycenter.appclient.thread.WithdrawThread] - < Thread-15  1742458893023>
2025-03-20 16:21:33,023 ERROR [com.jxt.paycenter.appclient.thread.WithdrawThread] - < Thread-15  1742458893023>
2025-03-20 16:21:39,182 ERROR [com.jxt.paycenter.appclient.thread.WithdrawThread] - < Thread-15  1742458899182>
2025-03-20 16:21:39,182 ERROR [com.jxt.paycenter.appclient.thread.WithdrawThread] - < Thread-15  1742458899182>
2025-03-20 16:21:45,328 ERROR [com.jxt.paycenter.appclient.thread.WithdrawThread] - < Thread-15  1742458905328>
2025-03-20 16:21:45,328 ERROR [com.jxt.paycenter.appclient.thread.WithdrawThread] - < Thread-15  1742458905328>
2025-03-20 16:21:51,473 ERROR [com.jxt.paycenter.appclient.thread.WithdrawThread] - < Thread-15  1742458911473>
2025-03-20 16:21:51,473 ERROR [com.jxt.paycenter.appclient.thread.WithdrawThread] - < Thread-15  1742458911473>
2025-03-20 16:21:57,619 ERROR [com.jxt.paycenter.appclient.thread.WithdrawThread] - < Thread-15  1742458917619>
2025-03-20 16:21:57,619 ERROR [com.jxt.paycenter.appclient.thread.WithdrawThread] - < Thread-15  1742458917619>
2025-03-20 16:22:03,776 ERROR [com.jxt.paycenter.appclient.thread.WithdrawThread] - < Thread-15  1742458923776>
2025-03-20 16:22:03,776 ERROR [com.jxt.paycenter.appclient.thread.WithdrawThread] - < Thread-15  1742458923776>
2025-03-20 16:22:09,908 ERROR [com.jxt.paycenter.appclient.thread.WithdrawThread] - < Thread-15  1742458929908>
2025-03-20 16:22:09,908 ERROR [com.jxt.paycenter.appclient.thread.WithdrawThread] - < Thread-15  1742458929908>
2025-03-20 16:22:16,061 ERROR [com.jxt.paycenter.appclient.thread.WithdrawThread] - < Thread-15  1742458936061>
2025-03-20 16:22:16,061 ERROR [com.jxt.paycenter.appclient.thread.WithdrawThread] - < Thread-15  1742458936061>
2025-03-20 16:22:22,203 ERROR [com.jxt.paycenter.appclient.thread.WithdrawThread] - < Thread-15  1742458942203>
2025-03-20 16:22:22,203 ERROR [com.jxt.paycenter.appclient.thread.WithdrawThread] - < Thread-15  1742458942203>
2025-03-20 16:22:28,371 ERROR [com.jxt.paycenter.appclient.thread.WithdrawThread] - < Thread-15  1742458948371>
2025-03-20 16:22:28,371 ERROR [com.jxt.paycenter.appclient.thread.WithdrawThread] - < Thread-15  1742458948371>
2025-03-20 16:22:34,522 ERROR [com.jxt.paycenter.appclient.thread.WithdrawThread] - < Thread-15  1742458954522>
2025-03-20 16:22:34,522 ERROR [com.jxt.paycenter.appclient.thread.WithdrawThread] - < Thread-15  1742458954522>
2025-03-20 16:22:40,652 ERROR [com.jxt.paycenter.appclient.thread.WithdrawThread] - < Thread-15  1742458960652>
2025-03-20 16:22:40,652 ERROR [com.jxt.paycenter.appclient.thread.WithdrawThread] - < Thread-15  1742458960652>
2025-03-20 16:22:46,824 ERROR [com.jxt.paycenter.appclient.thread.WithdrawThread] - < Thread-15  1742458966824>
2025-03-20 16:22:46,824 ERROR [com.jxt.paycenter.appclient.thread.WithdrawThread] - < Thread-15  1742458966824>
2025-03-20 16:22:52,954 ERROR [com.jxt.paycenter.appclient.thread.WithdrawThread] - < Thread-15  1742458972954>
2025-03-20 16:22:52,954 ERROR [com.jxt.paycenter.appclient.thread.WithdrawThread] - < Thread-15  1742458972954>
2025-03-20 16:22:59,077 ERROR [com.jxt.paycenter.appclient.thread.WithdrawThread] - < Thread-15  1742458979077>
2025-03-20 16:22:59,077 ERROR [com.jxt.paycenter.appclient.thread.WithdrawThread] - < Thread-15  1742458979077>
2025-03-20 16:23:05,201 ERROR [com.jxt.paycenter.appclient.thread.WithdrawThread] - < Thread-15  1742458985201>
2025-03-20 16:23:05,201 ERROR [com.jxt.paycenter.appclient.thread.WithdrawThread] - < Thread-15  1742458985201>
2025-03-20 16:23:11,336 ERROR [com.jxt.paycenter.appclient.thread.WithdrawThread] - < Thread-15  1742458991336>
2025-03-20 16:23:11,336 ERROR [com.jxt.paycenter.appclient.thread.WithdrawThread] - < Thread-15  1742458991336>
2025-03-20 16:23:17,462 ERROR [com.jxt.paycenter.appclient.thread.WithdrawThread] - < Thread-15  1742458997462>
2025-03-20 16:23:17,462 ERROR [com.jxt.paycenter.appclient.thread.WithdrawThread] - < Thread-15  1742458997462>
2025-03-20 16:23:23,601 ERROR [com.jxt.paycenter.appclient.thread.WithdrawThread] - < Thread-15  1742459003601>
2025-03-20 16:23:23,601 ERROR [com.jxt.paycenter.appclient.thread.WithdrawThread] - < Thread-15  1742459003601>
2025-03-20 16:23:29,735 ERROR [com.jxt.paycenter.appclient.thread.WithdrawThread] - < Thread-15  1742459009735>
2025-03-20 16:23:29,735 ERROR [com.jxt.paycenter.appclient.thread.WithdrawThread] - < Thread-15  1742459009735>
2025-03-20 16:23:35,891 ERROR [com.jxt.paycenter.appclient.thread.WithdrawThread] - < Thread-15  1742459015891>
2025-03-20 16:23:35,891 ERROR [com.jxt.paycenter.appclient.thread.WithdrawThread] - < Thread-15  1742459015891>
2025-03-20 16:23:42,052 ERROR [com.jxt.paycenter.appclient.thread.WithdrawThread] - < Thread-15  1742459022052>
2025-03-20 16:23:42,052 ERROR [com.jxt.paycenter.appclient.thread.WithdrawThread] - < Thread-15  1742459022052>
2025-03-20 16:23:48,220 ERROR [com.jxt.paycenter.appclient.thread.WithdrawThread] - < Thread-15  1742459028220>
2025-03-20 16:23:48,220 ERROR [com.jxt.paycenter.appclient.thread.WithdrawThread] - < Thread-15  1742459028220>
2025-03-20 16:23:54,352 ERROR [com.jxt.paycenter.appclient.thread.WithdrawThread] - < Thread-15  1742459034352>
2025-03-20 16:23:54,352 ERROR [com.jxt.paycenter.appclient.thread.WithdrawThread] - < Thread-15  1742459034352>
2025-03-20 16:24:00,529 ERROR [com.jxt.paycenter.appclient.thread.WithdrawThread] - < Thread-15  1742459040529>
2025-03-20 16:24:00,529 ERROR [com.jxt.paycenter.appclient.thread.WithdrawThread] - < Thread-15  1742459040529>
2025-03-20 16:24:06,656 ERROR [com.jxt.paycenter.appclient.thread.WithdrawThread] - < Thread-15  1742459046656>
2025-03-20 16:24:06,656 ERROR [com.jxt.paycenter.appclient.thread.WithdrawThread] - < Thread-15  1742459046656>
2025-03-20 16:24:12,797 ERROR [com.jxt.paycenter.appclient.thread.WithdrawThread] - < Thread-15  1742459052797>
2025-03-20 16:24:12,797 ERROR [com.jxt.paycenter.appclient.thread.WithdrawThread] - < Thread-15  1742459052797>
2025-03-20 16:24:18,971 ERROR [com.jxt.paycenter.appclient.thread.WithdrawThread] - < Thread-15  1742459058971>
2025-03-20 16:24:18,971 ERROR [com.jxt.paycenter.appclient.thread.WithdrawThread] - < Thread-15  1742459058971>
2025-03-20 16:24:25,130 ERROR [com.jxt.paycenter.appclient.thread.WithdrawThread] - < Thread-15  1742459065130>
2025-03-20 16:24:25,130 ERROR [com.jxt.paycenter.appclient.thread.WithdrawThread] - < Thread-15  1742459065130>
2025-03-20 16:24:31,276 ERROR [com.jxt.paycenter.appclient.thread.WithdrawThread] - < Thread-15  1742459071276>
2025-03-20 16:24:31,276 ERROR [com.jxt.paycenter.appclient.thread.WithdrawThread] - < Thread-15  1742459071276>
2025-03-20 16:24:37,437 ERROR [com.jxt.paycenter.appclient.thread.WithdrawThread] - < Thread-15  1742459077437>
2025-03-20 16:24:37,437 ERROR [com.jxt.paycenter.appclient.thread.WithdrawThread] - < Thread-15  1742459077437>
2025-03-20 16:24:43,593 ERROR [com.jxt.paycenter.appclient.thread.WithdrawThread] - < Thread-15  1742459083593>
2025-03-20 16:24:43,593 ERROR [com.jxt.paycenter.appclient.thread.WithdrawThread] - < Thread-15  1742459083593>
2025-03-20 16:24:49,723 ERROR [com.jxt.paycenter.appclient.thread.WithdrawThread] - < Thread-15  1742459089723>
2025-03-20 16:24:49,723 ERROR [com.jxt.paycenter.appclient.thread.WithdrawThread] - < Thread-15  1742459089723>
2025-03-20 16:24:55,897 ERROR [com.jxt.paycenter.appclient.thread.WithdrawThread] - < Thread-15  1742459095897>
2025-03-20 16:24:55,897 ERROR [com.jxt.paycenter.appclient.thread.WithdrawThread] - < Thread-15  1742459095897>
2025-03-20 16:25:02,090 ERROR [com.jxt.paycenter.appclient.thread.WithdrawThread] - < Thread-15  1742459102090>
2025-03-20 16:25:02,090 ERROR [com.jxt.paycenter.appclient.thread.WithdrawThread] - < Thread-15  1742459102090>
2025-03-20 16:25:08,240 ERROR [com.jxt.paycenter.appclient.thread.WithdrawThread] - < Thread-15  1742459108240>
2025-03-20 16:25:08,240 ERROR [com.jxt.paycenter.appclient.thread.WithdrawThread] - < Thread-15  1742459108240>
2025-03-20 16:25:14,456 ERROR [com.jxt.paycenter.appclient.thread.WithdrawThread] - < Thread-15  1742459114456>
2025-03-20 16:25:14,456 ERROR [com.jxt.paycenter.appclient.thread.WithdrawThread] - < Thread-15  1742459114456>
2025-03-20 16:25:20,636 ERROR [com.jxt.paycenter.appclient.thread.WithdrawThread] - < Thread-15  1742459120636>
2025-03-20 16:25:20,636 ERROR [com.jxt.paycenter.appclient.thread.WithdrawThread] - < Thread-15  1742459120636>
2025-03-20 16:25:26,829 ERROR [com.jxt.paycenter.appclient.thread.WithdrawThread] - < Thread-15  1742459126829>
2025-03-20 16:25:26,829 ERROR [com.jxt.paycenter.appclient.thread.WithdrawThread] - < Thread-15  1742459126829>
2025-03-20 16:25:32,992 ERROR [com.jxt.paycenter.appclient.thread.WithdrawThread] - < Thread-15  1742459132992>
2025-03-20 16:25:32,992 ERROR [com.jxt.paycenter.appclient.thread.WithdrawThread] - < Thread-15  1742459132992>
2025-03-20 16:25:39,139 ERROR [com.jxt.paycenter.appclient.thread.WithdrawThread] - < Thread-15  1742459139139>
2025-03-20 16:25:39,139 ERROR [com.jxt.paycenter.appclient.thread.WithdrawThread] - < Thread-15  1742459139139>
2025-03-20 16:25:45,272 ERROR [com.jxt.paycenter.appclient.thread.WithdrawThread] - < Thread-15  1742459145272>
2025-03-20 16:25:45,272 ERROR [com.jxt.paycenter.appclient.thread.WithdrawThread] - < Thread-15  1742459145272>
2025-03-20 16:25:51,417 ERROR [com.jxt.paycenter.appclient.thread.WithdrawThread] - < Thread-15  1742459151417>
2025-03-20 16:25:51,417 ERROR [com.jxt.paycenter.appclient.thread.WithdrawThread] - < Thread-15  1742459151417>
2025-03-20 16:25:57,576 ERROR [com.jxt.paycenter.appclient.thread.WithdrawThread] - < Thread-15  1742459157576>
2025-03-20 16:25:57,576 ERROR [com.jxt.paycenter.appclient.thread.WithdrawThread] - < Thread-15  1742459157576>
2025-03-20 16:26:03,701 ERROR [com.jxt.paycenter.appclient.thread.WithdrawThread] - < Thread-15  1742459163701>
2025-03-20 16:26:03,701 ERROR [com.jxt.paycenter.appclient.thread.WithdrawThread] - < Thread-15  1742459163701>
2025-03-20 16:26:09,837 ERROR [com.jxt.paycenter.appclient.thread.WithdrawThread] - < Thread-15  1742459169837>
2025-03-20 16:26:09,837 ERROR [com.jxt.paycenter.appclient.thread.WithdrawThread] - < Thread-15  1742459169837>
2025-03-20 16:26:15,987 ERROR [com.jxt.paycenter.appclient.thread.WithdrawThread] - < Thread-15  1742459175987>
2025-03-20 16:26:15,987 ERROR [com.jxt.paycenter.appclient.thread.WithdrawThread] - < Thread-15  1742459175987>
2025-03-20 16:26:22,147 ERROR [com.jxt.paycenter.appclient.thread.WithdrawThread] - < Thread-15  1742459182147>
2025-03-20 16:26:22,147 ERROR [com.jxt.paycenter.appclient.thread.WithdrawThread] - < Thread-15  1742459182147>
2025-03-20 16:26:28,289 ERROR [com.jxt.paycenter.appclient.thread.WithdrawThread] - < Thread-15  1742459188289>
2025-03-20 16:26:28,289 ERROR [com.jxt.paycenter.appclient.thread.WithdrawThread] - < Thread-15  1742459188289>
2025-03-20 16:26:34,423 ERROR [com.jxt.paycenter.appclient.thread.WithdrawThread] - < Thread-15  1742459194423>
2025-03-20 16:26:34,423 ERROR [com.jxt.paycenter.appclient.thread.WithdrawThread] - < Thread-15  1742459194423>
2025-03-20 16:26:40,555 ERROR [com.jxt.paycenter.appclient.thread.WithdrawThread] - < Thread-15  1742459200555>
2025-03-20 16:26:40,555 ERROR [com.jxt.paycenter.appclient.thread.WithdrawThread] - < Thread-15  1742459200555>
