21-Mar-2025 14:37:05.995 信息 [main] org.apache.catalina.startup.VersionLoggerListener.log Server.服务器版本: Apache Tomcat/9.0.100
21-Mar-2025 14:37:05.999 信息 [main] org.apache.catalina.startup.VersionLoggerListener.log 服务器构建:        Feb 13 2025 11:29:56 UTC
21-Mar-2025 14:37:05.999 信息 [main] org.apache.catalina.startup.VersionLoggerListener.log 服务器版本号:      9.0.100.0
21-Mar-2025 14:37:05.999 信息 [main] org.apache.catalina.startup.VersionLoggerListener.log 操作系统名称:      Windows 10
21-Mar-2025 14:37:06.000 信息 [main] org.apache.catalina.startup.VersionLoggerListener.log OS.版本:           10.0
21-Mar-2025 14:37:06.000 信息 [main] org.apache.catalina.startup.VersionLoggerListener.log 架构:              amd64
21-Mar-2025 14:37:06.000 信息 [main] org.apache.catalina.startup.VersionLoggerListener.log Java 环境变量:     E:\devsoft\jdk1.8.0_73\jdk1.8.0_73\jre
21-Mar-2025 14:37:06.000 信息 [main] org.apache.catalina.startup.VersionLoggerListener.log Java虚拟机版本:    1.8.0_73-b02
21-Mar-2025 14:37:06.000 信息 [main] org.apache.catalina.startup.VersionLoggerListener.log JVM.供应商:        Oracle Corporation
21-Mar-2025 14:37:06.000 信息 [main] org.apache.catalina.startup.VersionLoggerListener.log CATALINA_BASE:     F:\x\x\tomcat82
21-Mar-2025 14:37:06.000 信息 [main] org.apache.catalina.startup.VersionLoggerListener.log CATALINA_HOME:     F:\x\x\tomcat82
21-Mar-2025 14:37:06.000 信息 [main] org.apache.catalina.startup.VersionLoggerListener.log 命令行参数：       -Djava.util.logging.config.file=F:\x\x\tomcat82\conf\logging.properties
21-Mar-2025 14:37:06.000 信息 [main] org.apache.catalina.startup.VersionLoggerListener.log 命令行参数：       -Djava.util.logging.manager=org.apache.juli.ClassLoaderLogManager
21-Mar-2025 14:37:06.001 信息 [main] org.apache.catalina.startup.VersionLoggerListener.log 命令行参数：       -Djdk.tls.ephemeralDHKeySize=2048
21-Mar-2025 14:37:06.001 信息 [main] org.apache.catalina.startup.VersionLoggerListener.log 命令行参数：       -Djava.protocol.handler.pkgs=org.apache.catalina.webresources
21-Mar-2025 14:37:06.003 信息 [main] org.apache.catalina.startup.VersionLoggerListener.log 命令行参数：       -Dsun.io.useCanonCaches=false
21-Mar-2025 14:37:06.003 信息 [main] org.apache.catalina.startup.VersionLoggerListener.log 命令行参数：       -Dignore.endorsed.dirs=
21-Mar-2025 14:37:06.003 信息 [main] org.apache.catalina.startup.VersionLoggerListener.log 命令行参数：       -Dcatalina.base=F:\x\x\tomcat82
21-Mar-2025 14:37:06.003 信息 [main] org.apache.catalina.startup.VersionLoggerListener.log 命令行参数：       -Dcatalina.home=F:\x\x\tomcat82
21-Mar-2025 14:37:06.004 信息 [main] org.apache.catalina.startup.VersionLoggerListener.log 命令行参数：       -Djava.io.tmpdir=F:\x\x\tomcat82\temp
21-Mar-2025 14:37:06.007 信息 [main] org.apache.catalina.core.AprLifecycleListener.lifecycleEvent 在java.library.path:[E:\devsoft\jdk1.8.0_73\jdk1.8.0_73\bin;C:\Windows\Sun\Java\bin;C:\Windows\system32;C:\Windows;C:\Windows\system32;C:\Windows;C:\Windows\System32\Wbem;C:\Windows\System32\WindowsPowerShell\v1.0\;C:\Windows\System32\OpenSSH\;C:\Program Files (x86)\NetSarang\Xftp 8\;E:\devsoft\jdk1.8.0_73\jdk1.8.0_73\BIN;C:\Users\Laptop\AppData\Local\nvm;C:\nvm4w\nodejs;C:\Program Files\Git\cmd;C:\Users\Laptop\AppData\Local\Programs\Python\Python313\Scripts\;C:\Users\Laptop\AppData\Local\Programs\Python\Python313\;C:\Users\Laptop\AppData\Local\Microsoft\WindowsApps;C:\Users\Laptop\AppData\Local\Microsoft\WinGet\Packages\Schniz.fnm_Microsoft.Winget.Source_8wekyb3d8bbwe;C:\Users\Laptop\AppData\Roaming\npm;C:\Users\Laptop\AppData\Local\nvm;C:\nvm4w\nodejs;C:\Users\Laptop\AppData\Local\GitHubDesktop\bin;.]上找不到基于APR的Apache Tomcat本机库，该库允许在生产环境中获得最佳性能
21-Mar-2025 14:37:06.406 信息 [main] org.apache.coyote.AbstractProtocol.init 初始化协议处理器 ["http-nio-8082"]
21-Mar-2025 14:37:06.418 严重 [main] org.apache.catalina.util.LifecycleBase.handleSubClassException 初始化组件[Connector["http-nio-8082"]]失败。
	org.apache.catalina.LifecycleException: 协议处理程序初始化失败
		at org.apache.catalina.connector.Connector.initInternal(Connector.java:1048)
		at org.apache.catalina.util.LifecycleBase.init(LifecycleBase.java:122)
		at org.apache.catalina.core.StandardService.initInternal(StandardService.java:525)
		at org.apache.catalina.util.LifecycleBase.init(LifecycleBase.java:122)
		at org.apache.catalina.core.StandardServer.initInternal(StandardServer.java:986)
		at org.apache.catalina.util.LifecycleBase.init(LifecycleBase.java:122)
		at org.apache.catalina.startup.Catalina.load(Catalina.java:690)
		at org.apache.catalina.startup.Catalina.load(Catalina.java:713)
		at sun.reflect.NativeMethodAccessorImpl.invoke0(Native Method)
		at sun.reflect.NativeMethodAccessorImpl.invoke(NativeMethodAccessorImpl.java:62)
		at sun.reflect.DelegatingMethodAccessorImpl.invoke(DelegatingMethodAccessorImpl.java:43)
		at java.lang.reflect.Method.invoke(Method.java:497)
		at org.apache.catalina.startup.Bootstrap.load(Bootstrap.java:302)
		at org.apache.catalina.startup.Bootstrap.main(Bootstrap.java:472)
	Caused by: java.net.BindException: Address already in use: bind
		at sun.nio.ch.Net.bind0(Native Method)
		at sun.nio.ch.Net.bind(Net.java:433)
		at sun.nio.ch.Net.bind(Net.java:425)
		at sun.nio.ch.ServerSocketChannelImpl.bind(ServerSocketChannelImpl.java:223)
		at org.apache.tomcat.util.net.NioEndpoint.initServerSocket(NioEndpoint.java:268)
		at org.apache.tomcat.util.net.NioEndpoint.bind(NioEndpoint.java:223)
		at org.apache.tomcat.util.net.AbstractEndpoint.bindWithCleanup(AbstractEndpoint.java:1373)
		at org.apache.tomcat.util.net.AbstractEndpoint.init(AbstractEndpoint.java:1386)
		at org.apache.coyote.AbstractProtocol.init(AbstractProtocol.java:663)
		at org.apache.coyote.http11.AbstractHttp11Protocol.init(AbstractHttp11Protocol.java:80)
		at org.apache.catalina.connector.Connector.initInternal(Connector.java:1046)
		... 13 more
21-Mar-2025 14:37:06.419 信息 [main] org.apache.catalina.startup.Catalina.load 服务器在[547]毫秒内初始化
21-Mar-2025 14:37:06.442 信息 [main] org.apache.catalina.core.StandardService.startInternal 正在启动服务[Catalina]
21-Mar-2025 14:37:06.442 信息 [main] org.apache.catalina.core.StandardEngine.startInternal 正在启动 Servlet 引擎：[Apache Tomcat/9.0.100]
21-Mar-2025 14:37:06.451 信息 [main] org.apache.catalina.startup.HostConfig.deployDirectory 把web 应用程序部署到目录 [F:\x\x\tomcat82\webapps\ROOT]
21-Mar-2025 14:37:12.703 信息 [main] org.apache.catalina.core.StandardContext.checkUnusualURLPattern 可疑的URL模式：[/checkStand/**]在上下文[]中，请参阅Servlet规范的第12.1节和第12.2节
21-Mar-2025 14:37:12.712 信息 [main] org.apache.catalina.core.StandardContext.checkUnusualURLPattern 可疑的URL模式：[/UPICopyCheckStand1.0/**]在上下文[]中，请参阅Servlet规范的第12.1节和第12.2节
21-Mar-2025 14:37:12.713 信息 [main] org.apache.catalina.core.StandardContext.checkUnusualURLPattern 可疑的URL模式：[/checkStandCol/**]在上下文[]中，请参阅Servlet规范的第12.1节和第12.2节
21-Mar-2025 14:37:12.881 信息 [main] java.util.ArrayList.forEach Name = Service_Mysql_paycenter Ignoring unknown property: value of "netpay_db_connection" for "description" property
21-Mar-2025 14:37:13.236 信息 [main] org.apache.jasper.servlet.TldScanner.scanJars 至少有一个JAR被扫描用于TLD但尚未包含TLD。 为此记录器启用调试日志记录，以获取已扫描但未在其中找到TLD的完整JAR列表。 在扫描期间跳过不需要的JAR可以缩短启动时间和JSP编译时间。
21-Mar-2025 14:37:36.112 信息 [main] org.apache.catalina.startup.VersionLoggerListener.log Server.服务器版本: Apache Tomcat/9.0.100
21-Mar-2025 14:37:36.114 信息 [main] org.apache.catalina.startup.VersionLoggerListener.log 服务器构建:        Feb 13 2025 11:29:56 UTC
21-Mar-2025 14:37:36.115 信息 [main] org.apache.catalina.startup.VersionLoggerListener.log 服务器版本号:      9.0.100.0
21-Mar-2025 14:37:36.116 信息 [main] org.apache.catalina.startup.VersionLoggerListener.log 操作系统名称:      Windows 10
21-Mar-2025 14:37:36.116 信息 [main] org.apache.catalina.startup.VersionLoggerListener.log OS.版本:           10.0
21-Mar-2025 14:37:36.116 信息 [main] org.apache.catalina.startup.VersionLoggerListener.log 架构:              amd64
21-Mar-2025 14:37:36.116 信息 [main] org.apache.catalina.startup.VersionLoggerListener.log Java 环境变量:     E:\devsoft\jdk1.8.0_73\jdk1.8.0_73\jre
21-Mar-2025 14:37:36.116 信息 [main] org.apache.catalina.startup.VersionLoggerListener.log Java虚拟机版本:    1.8.0_73-b02
21-Mar-2025 14:37:36.116 信息 [main] org.apache.catalina.startup.VersionLoggerListener.log JVM.供应商:        Oracle Corporation
21-Mar-2025 14:37:36.116 信息 [main] org.apache.catalina.startup.VersionLoggerListener.log CATALINA_BASE:     F:\x\x\tomcat82
21-Mar-2025 14:37:36.117 信息 [main] org.apache.catalina.startup.VersionLoggerListener.log CATALINA_HOME:     F:\x\x\tomcat82
21-Mar-2025 14:37:36.117 信息 [main] org.apache.catalina.startup.VersionLoggerListener.log 命令行参数：       -Djava.util.logging.config.file=F:\x\x\tomcat82\conf\logging.properties
21-Mar-2025 14:37:36.117 信息 [main] org.apache.catalina.startup.VersionLoggerListener.log 命令行参数：       -Djava.util.logging.manager=org.apache.juli.ClassLoaderLogManager
21-Mar-2025 14:37:36.117 信息 [main] org.apache.catalina.startup.VersionLoggerListener.log 命令行参数：       -Djdk.tls.ephemeralDHKeySize=2048
21-Mar-2025 14:37:36.117 信息 [main] org.apache.catalina.startup.VersionLoggerListener.log 命令行参数：       -Djava.protocol.handler.pkgs=org.apache.catalina.webresources
21-Mar-2025 14:37:36.118 信息 [main] org.apache.catalina.startup.VersionLoggerListener.log 命令行参数：       -Dsun.io.useCanonCaches=false
21-Mar-2025 14:37:36.119 信息 [main] org.apache.catalina.startup.VersionLoggerListener.log 命令行参数：       -Dignore.endorsed.dirs=
21-Mar-2025 14:37:36.119 信息 [main] org.apache.catalina.startup.VersionLoggerListener.log 命令行参数：       -Dcatalina.base=F:\x\x\tomcat82
21-Mar-2025 14:37:36.119 信息 [main] org.apache.catalina.startup.VersionLoggerListener.log 命令行参数：       -Dcatalina.home=F:\x\x\tomcat82
21-Mar-2025 14:37:36.119 信息 [main] org.apache.catalina.startup.VersionLoggerListener.log 命令行参数：       -Djava.io.tmpdir=F:\x\x\tomcat82\temp
21-Mar-2025 14:37:36.122 信息 [main] org.apache.catalina.core.AprLifecycleListener.lifecycleEvent 在java.library.path:[E:\devsoft\jdk1.8.0_73\jdk1.8.0_73\bin;C:\Windows\Sun\Java\bin;C:\Windows\system32;C:\Windows;C:\Windows\system32;C:\Windows;C:\Windows\System32\Wbem;C:\Windows\System32\WindowsPowerShell\v1.0\;C:\Windows\System32\OpenSSH\;C:\Program Files (x86)\NetSarang\Xftp 8\;E:\devsoft\jdk1.8.0_73\jdk1.8.0_73\BIN;C:\Users\Laptop\AppData\Local\nvm;C:\nvm4w\nodejs;C:\Program Files\Git\cmd;C:\Users\Laptop\AppData\Local\Programs\Python\Python313\Scripts\;C:\Users\Laptop\AppData\Local\Programs\Python\Python313\;C:\Users\Laptop\AppData\Local\Microsoft\WindowsApps;C:\Users\Laptop\AppData\Local\Microsoft\WinGet\Packages\Schniz.fnm_Microsoft.Winget.Source_8wekyb3d8bbwe;C:\Users\Laptop\AppData\Roaming\npm;C:\Users\Laptop\AppData\Local\nvm;C:\nvm4w\nodejs;C:\Users\Laptop\AppData\Local\GitHubDesktop\bin;.]上找不到基于APR的Apache Tomcat本机库，该库允许在生产环境中获得最佳性能
21-Mar-2025 14:37:36.313 信息 [main] org.apache.coyote.AbstractProtocol.init 初始化协议处理器 ["http-nio-8082"]
21-Mar-2025 14:37:36.337 信息 [main] org.apache.catalina.startup.Catalina.load 服务器在[333]毫秒内初始化
21-Mar-2025 14:37:36.357 信息 [main] org.apache.catalina.core.StandardService.startInternal 正在启动服务[Catalina]
21-Mar-2025 14:37:36.358 信息 [main] org.apache.catalina.core.StandardEngine.startInternal 正在启动 Servlet 引擎：[Apache Tomcat/9.0.100]
21-Mar-2025 14:37:36.371 信息 [main] org.apache.catalina.startup.HostConfig.deployDirectory 把web 应用程序部署到目录 [F:\x\x\tomcat82\webapps\ROOT]
21-Mar-2025 14:37:40.405 信息 [main] org.apache.catalina.core.StandardContext.checkUnusualURLPattern 可疑的URL模式：[/checkStand/**]在上下文[]中，请参阅Servlet规范的第12.1节和第12.2节
21-Mar-2025 14:37:40.415 信息 [main] org.apache.catalina.core.StandardContext.checkUnusualURLPattern 可疑的URL模式：[/UPICopyCheckStand1.0/**]在上下文[]中，请参阅Servlet规范的第12.1节和第12.2节
21-Mar-2025 14:37:40.416 信息 [main] org.apache.catalina.core.StandardContext.checkUnusualURLPattern 可疑的URL模式：[/checkStandCol/**]在上下文[]中，请参阅Servlet规范的第12.1节和第12.2节
21-Mar-2025 14:37:40.485 信息 [main] java.util.ArrayList.forEach Name = Service_Mysql_paycenter Ignoring unknown property: value of "netpay_db_connection" for "description" property
21-Mar-2025 14:37:40.648 信息 [main] org.apache.jasper.servlet.TldScanner.scanJars 至少有一个JAR被扫描用于TLD但尚未包含TLD。 为此记录器启用调试日志记录，以获取已扫描但未在其中找到TLD的完整JAR列表。 在扫描期间跳过不需要的JAR可以缩短启动时间和JSP编译时间。
21-Mar-2025 14:48:46.306 信息 [main] org.apache.catalina.startup.HostConfig.deployDirectory Web应用程序目录[F:\x\x\tomcat82\webapps\ROOT]的部署已在[669,935]毫秒内完成
21-Mar-2025 14:48:46.313 信息 [main] org.apache.coyote.AbstractProtocol.start 开始协议处理句柄["http-nio-8082"]
21-Mar-2025 14:48:46.345 信息 [main] org.apache.catalina.startup.Catalina.start [670007]毫秒后服务器启动
